391224934
239976010
215442571
948725988
145595583
0
598117583
0
602456173
0
464692237
0
191333113
22221443
0
732921369
18095159
0
0
396264395
0
277749642
444352572
532568729
834205992
84019595
777609256
237912107
68143342
639359350
169583662
774383767
864948450
711109024
741140201
537502646
887056504
562707447
925328811
0
0
490000730
942143728
617599648
979270965
0
854801263
147217449
0
0
0
0
444352572
779564657
0
680158959
173283275
648616338
110453361
656716420
630064963
152226384
626892179
207619906
0
0
171824061
463443288
870544435
90007017
117090029
0
0
649260228
204894195
0
142447421
290140035
880203508
130242306
0
261795347
602514141
632170456
756688736
365190582
965869047
0
0
824538800
612941239
0
0
676332761
444352572
972297155
583792648
769812201
432863945
29900788
37401690
787676729
734389762
0
580322301
403020246
0
6710121
575062594
379499988
0
617928535
95207778
964091581
0
0
444424252
989276446
73217339
412583312
659028915
437519483
0
254204702
760515673
734070
888490104
0
93234587
0
0
0
0
0
32320
355555520
0
602891466
137970376
0
18789019
0
0
440784829
772232334
582988814
0
0
0
0
576708962
0
25978354
121102340
0
0
0
0
913873453
775154111
0
281559654
178683086
0
665368002
564736178
355555520
722014998
256298461
378949163
0
123137474
943194068
0
0
282068514
0
602294506
162816321
813488261
0
242447344
749117670
150968237
861716164
0
600248536
443724348
0
288884839
0
136358286
505131151
522377814
128922641
49771160
912284523
80220604
0
407982342
925328811
0
950214039
230468938
0
23315071
0
0
0
174267114
0
396264395
0
499441848
757849271
115176149
623236129
0
0
171858703
0
288492790
73491860
0
314497325
414935988
0
112288051
377497086
239525326
0
169954417
421602355
191095542
0
252650313
145822726
111110991
324307108
0
399820902
789154381
141002456
196899159
0
504458153
111110991
0
0
569253385
627343839
500470600
0
53942628
907086146
0
955661073
782111036
0
0
972834780
385731795
888476441
229529996
973682055
486055544
0
181152330
733160467
50881385
0
0
272988527
788989772
387759969
0
868916892
0
917537320
8885
0
0
0
0
0
941803595
888490104
674267312
537804888
967013164
92522383
123332531
422419868
298819575
0
561420637
109248300
0
0
139908208
0
55879257
581920685
207526168
853405614
0
118968786
215650840
0
0
0
0
739107941
998636683
14207661
245514119
577276023
389391608
0
761656809
0
108722782
0
726057809
96516224
0
0
0
538440651
292677978
378355561
593597711
28122
333173009
506658014
871901815
416697421
306137896
0
0
0
145451989
17777760
9453879
0
150657129
479904943
576373159
0
927939004
0
39234166
434032809
0
438361704
929593603
516229938
267895893
990798597
824883015
619455826
455787040
411536046
181297076
836458600
746566001
25
938583814
724577730
0
363478935
551082528
0
0
396264395
593725773
179370371
971007518
151261608
899112837
0
111110991
17777760
0
524595391
932680130
396264395
0
0
44081781
178342822
0
735992087
0
219687992
561855777
735134214
941269071
259730284
845843211
0
444431420
512485939
370619658
0
0
974993709
737570504
944210902
0
661935704
0
224395802
129127570
0
917436854
698135423
681787020
0
403784379
255537844
99940862
0
0
402404821
0
368855169
781992788
623610258
957724682
0
319763452
0
878466609
764497061
0
0
0
0
513092916
0
483734334
48380590
226811328
821157894
589880121
626385682
0
111110991
0
0
149668647
0
17777760
0
0
0
478644506
242088417
0
33688988
0
117923936
0
949279091
577753726
25770
986735991
489557217
388610804
0
0
739239244
333560668
0
0
484349614
0
490948219
914278407
444424252
976610820
555989389
802428377
0
279985419
165966929
176713276
0
444424252
0
68434300
872785352
0
0
501183768
858134521
429519602
0
972522404
706282260
0
0
707403767
0
445057079
548303577
214718950
136474047
404450143
339269115
0
560654926
987173919
478156229
79721886
105607191
620068864
825615305
0
0
0
0
396264395
489339683
45747372
480259237
554291424
840137876
0
0
714664223
314846015
0
403203320
0
374360748
340477843
858359021
885631971
848388441
0
0
105716905
448057281
506322202
331337276
700403064
0
759298797
352413390
566425554
789766701
0
762545784
0
0
292943561
306446008
396264395
826396557
18808680
87495566
0
400220931
0
1494660
0
65339824
99274665
813082352
497573709
402704326
0
781013936
981148915
139725618
209790485
330282684
510
277333252
605218744
0
0
75867234
913716582
733992104
207252570
0
0
641205867
660961624
435915110
218973693
673151441
474089451
275477528
0
917235538
67445097
0
666585611
0
235551203
317240456
425262540
228875870
957655960
0
756672832
120284056
522197542
0
0
0
0
472256469
802911864
795014258
732570931
0
0
0
772511490
231373696
0
417084603
0
798160631
0
548707698
1535
286203604
822824402
563358864
523417112
914705572
529425210
806035622
726810478
0
0
90305920
367262727
0
888490104
967452859
176223018
797408600
109236694
444388412
0
847426987
0
143142479
336725193
326708378
645958265
677768305
551582195
0
0
999325623
0
801111840
823158554
390477208
0
638269410
925328811
272328352
398759934
137489237
0
888490104
132959335
567237047
401008226
967575585
160386312
0
888490104
0
0
115515666
136905906
239478420
0
413820
126874475
151656174
0
0
946537091
462639149
486882724
22899591
754403200
914644955
448549158
755656876
0
0
978753111
0
513826959
153569363
888490104
2220
0
0
0
317617611
87776006
711110816
895005771
700441539
0
291664701
0
401313876
957738653
0
0
0
753723834
556620081
223074113
0
925328811
570634748
228973443
506658014
209879938
560867138
0
923921555
543058186
0
888490104
0
942577083
0
0
0
75069
0
802609338
620849238
790043425
0
444424252
874495927
0
836467450
844133790
443656754
66220
492702298
199651024
455929046
977736348
992111218
0
0
917547278
70187969
454429932
191172163
13422120
223226383
0
456528888
0
825281793
131896614
611568681
496111136
0
17777760
0
351638775
319998328
356242164
0
0
0
154554543
101353119
741140201
0
909096148
0
299236887
573848845
0
889008385
294125789
566221278
0
0
898067240
339391419
376131827
10220
581366888
0
66410527
177945070
741140201
24215
0
405423839
405292676
642926329
0
501333431
222193438
537049795
19406785
444352572
155772321
0
0
27059010
286404780
0
0
0
4088880
378955743
739247765
448436635
107405070
0
0
959222524
654329551
11449234
7637525
620976552
998011447
0
265203061
216858944
17710
406812440
0
45219641
855396613
0
769812201
202759813
207705142
0
869865450
989667980
317779961
0
659900957
372664363
31070369
270961840
185328999
257767046
0
0
235755315
366820792
0
427960622
12354832
0
340836659
903207640
544477938
662678079
0
9548740
927907920
226641154
0
0
0
902319592
15133753
0
677472579
9722960
0
0
722636600
0
569521776
663729398
0
292516346
0
0
804936888
0
0
252190175
965701828
615410795
107508815
0
488040843
0
898752709
613940070
355555520
354103436
222221086
477884032
19847943
32362714
510
463589801
256053397
971854123
884600622
677872010
561447465
0
98537682
84364164
51686692
543608787
0
0
401270691
905823230
376825812
704402510
0
290133778
274476858
841773485
700582839
153617316
0
607581238
0
0
91778000
766485170
605015267
993861905
0
739196911
448522010
0
0
452745516
301270635
511110277
10458568
411515835
560466480
0
108088640
881094202
846481698
935242711
351575202
862211806
444424252
550668838
961398163
209432575
124440
0
26783482
925328811
21650384
999681585
84988123
650939836
860669751
9754619
599210855
515062009
8984334
463716081
974745880
897883821
0
0
396264395
205955857
778545693
0
420805257
0
111110991
0
6
381187145
373472931
0
516470072
461768544
674546218
577736334
609461779
673489395
741683452
382557523
788646754
815784416
693301736
0
39131283
0
664073119
375374061
222221086
511251727
0
274025253
309939824
644399008
218455838
460967930
540161908
657615705
256143940
848388441
75306160
750570048
456610180
289175608
460158208
12459981
202762239
0
0
955858132
278473049
319525775
942043933
0
36912395
0
952848189
0
287973649
306247385
427412718
0
0
397122324
0
10231171
674322175
882260195
506658014
0
416159964
0
631872225
381560637
766652265
0
640212729
473463895
0
392097400
663256676
262242322
812371394
900567691
968028909
829960274
787824695
0
126702720
95700974
37653310
248574837
0
407515757
376445378
111110991
76618029
433968374
637788864
965761772
926246130
0
0
596598059
521121648
35641809
561796058
651996210
0
0
0
767454107
0
896030314
822824402
901438617
17734460
374113883
0
0
668852757
888880
118715905
753895911
135667527
39227457
623047295
336518304
0
349913543
284104069
54882073
84482425
0
0
529938164
12354322
456528888
390318418
0
351106681
92035320
10020614
0
972710080
0
276761343
704466260
132761120
540959643
188489816
0
0
63704821
575642635
0
387715864
830439393
238217926
0
0
909449360
144964487
741140201
687795331
254932669
0
870879189
73493379
0
337858998
120270099
0
0
925328811
3401078
334910883
10280035
358845136
0
693792296
826399419
426428988
980903604
887056504
416241294
555370443
192425908
634531828
0
769812201
0
508584561
0
19927023
540764779
731401220
904056782
0
77328921
843089219
163169246
0
245944910
0
256178
165638153
129517458
900690753
70716826
942559009
496077714
27174
0
209630518
0
769812201
0
0
0
0
408468936
141002733
250400665
790973669
0
950233459
192640656
0
271015003
556091765
838212628
0
125568468
920333332
784926808
121802107
648635738
533264528
59771160
750190373
22664882
0
903726893
325006945
669867519
0
1073
471551244
686457905
0
0
189744861
791764674
86017131
724471655
199817990
759629085
0
749928399
482863383
0
947686907
0
18823803
551239074
243184016
772679401
982142561
893929563
330704915
885576324
389303757
742532908
4676914
684738785
158083848
0
0
0
0
246917267
0
247714157
0
0
0
91452291
0
0
848637212
420073019
62414562
87791114
138356103
738378999
0
842100063
888490104
208990143
0
0
189624592
0
272610613
754033010
0
458923375
0
0
6742400
159490402
0
302033059
650837774
0
748382173
0
47051836
392182409
0
210400214
396264395
729654545
522100406
693599735
587608968
161746372
0
150470293
2220
367981571
461766613
925328811
0
631095388
0
0
111110991
533329368
489490577
0
81925374
474210150
750910279
891501504
0
0
149229676
0
0
794263352
953619703
923920001
448320430
377349815
377735795
216148487
0
951539779
368810697
0
802340248
858364915
175229741
0
166201226
79410009
0
0
110566922
399998342
0
525697756
24190
0
721924999
182241120
0
527606888
306793022
0
124442836
769812201
0
455405219
0
0
0
925328811
203245
822824402
0
925328811
522014707
0
396264395
851995906
0
0
329066669
907001063
0
139554323
596415822
398394959
487194863
922126009
967452859
370022298
0
959932113
0
128401484
204696655
341753444
119405788
743852030
704630736
0
683328886
0
416951180
888490104
329181357
0
0
168329325
666955275
126109139
769812201
734921129
304048477
131886092
641363765
0
977784525
733329435
447492840
0
454108495
409510449
486055544
699708226
966375809
761871823
27090119
0
0
0
355555520
816930365
302874669
75883394
353805357
0
120701529
0
0
955043704
0
21529923
790226863
0
0
832030674
875573804
514035570
520531477
0
933233198
188890884
111475
332513965
263173238
384869561
158920940
0
0
63199387
139760334
0
847175672
815422940
133477665
616095811
792343043
627917627
0
0
0
813536558
444424252
822824402
0
0
389557804
325916227
0
399470421
0
47590297
0
525409048
538440651
448365092
33159470
541318475
474281767
100840646
686024084
693395763
0
390577668
978950949
820076297
883087139
295993052
42145684
0
0
0
682331859
804692181
508140171
975253178
0
0
0
838930122
675652526
847716210
0
105925109
902098080
139771408
0
758715167
854827213
901596119
386706523
866015195
759527419
0
523337856
888490104
0
339234100
166238830
309748634
253691468
0
683971465
603672235
122751079
959036676
318135973
969001763
27493421
953982958
0
887336141
62591414
665090133
957400984
221361189
617308733
0
962351795
245749260
752201719
699783338
0
177660414
0
697430211
739030594
305294623
0
678932404
977324856
525619775
396264395
273985148
802916603
735276459
888490104
143678661
0
487010343
0
0
0
862941994
0
0
0
861998628
536014795
0
0
0
107140789
614423454
241441054
68528000
413839361
462
91331342
936984818
244838776
534436186
964073808
652544791
130814225
750168235
741140201
0
175424431
292875793
62342616
225819432
373234236
396264395
769812201
683765045
0
116759195
869965390
635555513
0
0
521430269
718354255
0
980789217
0
92355963
947528227
0
0
0
480193844
0
0
349706582
269272106
0
15
871966643
956056147
772531290
822824402
835884684
0
519638052
0
152176050
0
11365174
407654167
0
658029421
0
0
25
854866530
0
0
0
729590353
0
2797451
0
455153090
237148469
385602790
0
0
600438518
131849452
775983289
506658014
128441366
926041353
66968771
505711635
885521753
0
0
421554465
109420644
865539248
935385758
0
840470260
57158481
0
262414323
0
40089867
0
568532068
686670538
928992351
248377902
866719268
991005166
871797541
221909768
319340527
0
0
127365290
0
887916664
0
0
436069080
0
0
0
222217502
0
0
775522144
826002727
631837673
755476201
0
355555520
0
0
925328811
849933115
602020488
0
323728867
912487580
295915685
396264395
847731360
489340514
0
408048212
0
770761988
338218999
15344961
820506279
36229528
373164153
0
715702290
828634235
228371847
0
744967416
0
831572152
567052195
676867866
855078325
811147995
30621505
0
997242925
117751426
510871223
0
584660645
860785532
878445782
809059195
2814933
0
100820177
0
0
0
939079113
144078603
0
456528888
768632175
0
345058485
0
0
394124917
0
255606334
0
0
265361366
0
593330256
546963305
257790165
0
0
925328811
171716023
713577349
0
916965738
174432590
87309112
461874180
914423775
381784017
0
596552234
49611238
170315215
444379407
960977055
728475179
34192186
220462579
786095545
0
0
0
0
688233197
0
355555520
319805862
998509183
0
564505884
925328811
0
365353772
623457968
506658014
7263630
256534858
0
691122919
0
997304745
0
286811470
470891844
668625640
0
607661335
0
69515117
552940129
662722394
454195342
0
988629753
0
651669801
0
98660187
0
327950012
56514636
0
0
52085881
0
441875990
0
370412864
506658014
0
0
0
540479318
381183118
0
0
787974391
0
340053694
744072737
701397011
736674163
372054701
0
846605706
0
956360107
0
0
686876693
666319628
204440
273654428
657180258
0
117581577
0
0
829383959
0
299239070
0
952141865
44440
0
344038386
0
0
0
0
0
0
158399202
868566491
0
0
0
994035
150642746
826237678
334702629
18823803
410654038
0
982852453
925328811
21335
257766598
0
399370124
722833738
561969134
599992785
826021407
0
0
0
0
45594638
0
41450898
0
587018806
0
111110991
337135539
8189407
0
433359932
283271961
619410694
198920250
927079466
374284269
544080884
462374600
815981726
196836971
193549029
67798037
427781852
894043750
17166517
368196012
275365768
0
648403842
319599389
105985589
148343952
332513965
78107246
341753444
565629880
547493195
517271698
0
591714515
191070845
0
0
0
0
163052375
0
0
931692407
616580183
0
628378901
0
209776500
712543062
258580816
942556645
128755263
17768680
396264395
664996919
0
541335460
365947656
893964090
0
828404214
0
0
235280899
494108298
353843274
0
0
611558413
577388700
0
0
0
0
0
822177078
670949248
374673779
280377573
418102179
480137688
269079490
488888306
491514092
63199387
271160315
0
107341472
0
683922198
427788746
769812201
0
655921994
794740944
981857187
0
169341900
847457562
0
512946384
0
103130150
677100213
21369424
0
965305278
0
252396594
492661491
0
145522487
412153294
925328811
888490104
0
204462366
28921787
240100361
526997259
0
650969155
0
0
576136885
454420201
693339238
0
381928012
17367492
0
85443324
0
620671814
32950830
892302932
0
852889347
399506875
0
907838419
0
931293044
444424252
877906589
94921261
494187397
537404264
0
582026139
0
696958582
407999520
0
697802753
572739636
924458676
174473726
651075553
569451166
486456637
284459564
721062747
0
690898742
130880286
13851061
961644413
0
306318647
0
146268007
0
570066212
461649751
0
635221966
207658676
0
511853504
335490344
22211715
0
346883037
154567398
0
110648655
617429063
231553380
4457823
368404201
914186304
383653245
24777671
20821300
862647317
6220
0
395118380
266817039
396264395
905590500
727964437
0
0
0
0
0
0
0
916817404
0
66452928
0
901808082
291588345
349660092
0
0
499581720
0
0
944852035
0
648635738
687817961
0
711110816
8690324
0
255099443
365821607
588897972
0
855350288
512835082
0
462224791
993341843
500366578
0
396264395
31252865
60742090
563882892
0
0
431002244
0
178549774
0
498262696
160446198
0
431586003
0
444424252
0
561706120
417354783
4
605564321
0
933240
887013273
0
535808081
0
0
849097459
361241934
495780240
675477605
0
576439417
729740133
756464338
50899062
0
431784992
341883712
634477029
761341163
100274706
0
441769028
371163951
241307779
424780092
822824402
82806811
0
0
741140201
374085940
671902529
101464523
781033452
399998342
754831360
204809233
0
579018608
60903409
779596106
396264395
503086171
935893818
630437760
0
0
506658014
13736622
99550212
691124206
219831300
472541720
178468357
0
63295981
667477450
64951
764697364
408048212
477755708
703658301
769812201
156602729
222221086
669536504
30821332
124072890
982068387
0
618462802
0
970209048
0
888024314
62215627
0
0
426488400
0
0
27833350
10265650
218455838
223183495
434002547
303010869
0
123678474
0
0
758343401
0
448177280
4088880
0
77637953
529227186
372205129
23778006
0
457803994
721711024
575110467
891589542
513281072
939038669
0
278999984
0
0
162738436
584515977
592125340
175526775
282525865
0
888490104
524882691
20312348
132458168
692623449
0
376910629
0
0
10693320
618699783
849542894
0
96753117
144568410
0
652468250
58034881
913291541
549435821
888490104
105037482
520966773
739143796
150008208
407835568
66616341
611154325
377646164
0
745187598
0
810000111
143636693
0
0
33525725
25064844
107508815
921736852
65770537
862562765
256014573
316223149
104830452
0
401389759
222217502
422710916
190
179178022
131098684
0
547409001
237078088
110061497
0
904758435
835114972
128654262
319535090
956737759
808061745
741140201
28440
415064687
741140201
554296128
286297343
451449088
0
633953322
529907990
411390669
0
885135108
556957580
265777273
859602405
112386485
292420623
184384796
501801993
637407375
23973404
74358059
331506277
547048174
0
5369001
0
0
0
536453330
0
738848422
605779556
741140201
138304170
303136080
2220
0
0
0
19351643
46373745
888490104
612567477
549901246
511894209
0
0
749781547
249745504
816693759
14936405
213008475
703397271
0
381081495
0
751439213
878400842
604202969
0
305335392
110458767
929572388
209293488
0
578002719
989750230
0
273048769
0
887056504
0
773245983
933303230
669415168
0
616543601
457057746
0
942280260
195224987
723336757
587315992
0
981809340
750127120
222217502
0
577831931
541242731
0
932515179
476219425
382951523
552306753
734080898
418509049
0
256288085
132899500
0
995392140
0
948829876
0
606558296
620303508
531979885
49823598
56141032
506658014
0
289093978
0
94588239
169510546
981485195
216271452
0
0
627285520
436619927
235117888
888413984
508628099
377981960
194523289
107700799
0
0
456257987
64196564
506658014
0
660840138
179285291
736867717
18115776
0
159664377
799188435
702284521
0
876818077
88424437
0
0
80932365
265648087
45253232
555370443
31491736
0
65569259
0
341557425
0
0
580265939
408203410
97820578
0
885809799
0
0
0
190928846
2220
0
911065275
902712176
134677817
51194042
294404448
650970606
2814933
855303399
659907736
91191579
888800981
124592872
0
0
14532236
267804065
709185235
456528888
471110546
567692995
918440140
9974765
575657795
630203839
168500546
207768499
933114328
0
0
418248796
0
0
666533471
509946661
373616066
825975334
870315640
204809233
582734176
0
0
83758078
716399597
0
247370854
0
0
0
0
743569252
0
335746012
0
360939563
916366604
496573797
47021991
0
756870989
323717537
826447303
395253473
0
925244802
109787400
28620268
322634267
379551629
271148766
0
639116791
322323358
0
0
836637885
0
52581326
461811892
776169661
74720339
0
3365481
0
0
0
671922139
724400325
0
407771881
177804440
506658014
281313118
304917203
681708356
462957966
133962683
634428029
0
965226409
0
0
375192736
0
816822430
0
848714775
0
601303239
349460964
623291188
322860232
963938499
444424252
365011113
56337560
0
752181814
966178275
0
641676443
551735738
483789995
0
785546886
608263736
0
0
33200908
542155615
733288060
768723310
440228840
0
0
309433038
355029852
0
857673149
314284015
0
213866640
509745589
329372732
0
434624459
317392150
170932623
10220
0
867302947
834458563
67302139
867750678
741529377
444431420
738342769
468947856
65347330
113732497
690646591
33367220
0
480330820
724232029
535140415
20813750
245615789
682137693
238293911
444775923
911065275
826962182
0
0
191817397
812789192
0
0
551275265
0
769812201
369111464
0
912012751
0
364999249
159553256
0
328237866
389772885
0
519219507
208963781
0
377565342
964238147
880980208
891369650
616475913
0
573145511
62804194
0
0
0
364544421
161804322
451617528
739766091
563121732
918403139
721158880
0
222217502
717365656
0
549062382
720345839
0
744239221
916365231
0
757909531
334513568
188911466
102946262
0
651102756
929926521
211291437
390225222
0
618020317
0
0
0
26339011
582752318
275836083
470157389
0
0
876192290
954483865
95833019
444424252
731734081
937671394
226885216
339678065
334863379
0
0
0
381949621
0
993849687
338626468
0
587457238
466914588
651505276
697322602
0
161516425
570187183
0
190928846
851989752
0
599923307
84864202
0
60172110
707470357
998323156
422938288
75688441
159279586
608000162
0
0
626258768
124442836
12574681
0
774416538
648224425
0
0
604383440
235385850
392007284
0
0
332511917
472183904
0
798060535
0
515734356
925328811
3193321
0
102932786
909595885
269989288
0
801639540
0
480406221
486614520
955750118
915248601
0
113499831
457870458
0
258225872
140570563
0
11204992
904770064
226822253
0
924502123
0
0
487684967
844307537
811976479
0
577550080
984914953
219913130
326007780
879329198
0
0
617732599
357547506
806434109
0
525162741
949409183
0
491267444
366580736
444424252
837353986
0
77375033
0
695796216
132855
558417437
0
659966694
0
29251
0
719875045
0
0
0
774098000
0
711110816
748247532
865768453
920507600
188015506
256055603
248152128
0
529445630
711669011
759153725
0
859825607
23588302
423418964
982470663
968528757
678310948
15349497
385468160
0
580457189
0
977251096
85425772
0
111556178
656385964
968764566
192511426
0
897084291
0
25799637
887980652
354987473
688884853
863788701
0
104848983
180834798
882352000
597149467
617943804
0
266484053
408436179
124395618
0
0
0
116746074
262218517
554722507
822831917
210550132
0
0
222211859
254673277
204413832
214180033
0
166372493
704754754
21107763
769608114
726373344
128826849
969509318
0
135679706
887439255
591520564
175752694
703635297
742221057
488022656
0
0
0
312901453
0
684206800
397377594
741216863
0
648888194
685226639
0
599521789
626917646
113016104
745506954
56828834
0
381159939
603612178
991914550
0
200077113
0
881917424
0
155555513
464401272
0
249180226
0
0
0
0
0
576892769
566519101
448830263
0
6436056
59302426
810889240
766138123
673296474
233919768
0
363232750
89752379
0
0
746848427
646205677
361655582
898469163
567416623
669908937
0
53232721
446788953
0
726781908
707525160
866197619
360762100
0
990832756
82040286
0
825606635
0
407091781
349834357
171499368
70725589
207107079
836586641
980860476
367145469
96207579
142153297
613289532
0
916953571
532710229
398730140
717699994
0
879851523
0
25
888490104
0
473231871
767916129
724395531
773404591
857415866
101769698
0
514233170
920420204
583576400
76975851
0
797763067
396264395
210551662
73212949
676347614
630273958
137717916
0
374553294
910083391
887466283
137052146
0
193003727
669920042
132650160
441761569
938139594
0
272934847
0
0
100131141
0
418447978
487446361
662970041
254029560
992790271
961474694
429493262
409942419
0
475105520
682680970
339023832
707520544
538766037
252409416
0
0
320483366
0
0
492774585
41475964
0
0
868718548
0
474794168
348257754
653328149
88846156
17219573
0
444424252
324616263
847665766
0
387274573
851181841
267436407
922165794
688115613
0
514103784
88439303
609493091
459454182
2220
799028223
396264395
0
469145088
0
0
340392088
218782925
538231097
0
0
0
373968115
31469
0
29489494
117542353
0
772439255
854020847
728696099
0
0
107688830
0
867364773
869121297
243276764
779360436
0
414247642
169176194
816339275
12269555
797111892
994235858
578932177
578941867
550280487
733112270
333726708
924620703
0
37748961
957262939
0
12680476
26130189
342358671
599404907
391128696
0
42351396
634454280
202074945
0
0
137924133
930998157
7744067
0
382116400
0
887056504
115318100
358137870
631402777
673735506
990168537
0
0
786655480
647854241
791297465
0
655083148
0
0
0
87516192
606891309
643765134
135536579
529843571
781260887
63199387
0
0
0
416357529
674140109
0
370328959
940070266
460989506
799153396
113497081
44440
608304033
5420954
727099887
946732339
348486148
223827320
172666167
337220068
252248856
0
573892384
115463914
942934805
248928261
548986756
0
0
0
285567595
293622171
0
331117574
0
115536735
482700408
782700016
925328811
888880
222217502
264248611
0
1119889
220824727
0
78337416
0
479355469
2995398
0
847799835
111642772
371499591
89584112
827981255
0
0
0
260580920
487763852
711110816
0
0
0
0
96175818
648384858
263902336
519079048
0
201295277
0
566556799
0
106539306
585626716
0
17856186
0
120734773
916565688
815215032
0
998378095
878464857
698293035
259836779
408812514
6022149
10371177
52614
0
417084603
0
0
217521869
167414582
0
0
711110816
431625988
428840811
0
40602023
571152327
211595131
532826809
306536161
596778044
251947465
0
537998710
115551238
0
0
0
886807055
798157067
225290717
0
0
0
886110517
285359040
485128615
693429073
0
0
354233762
75346497
396264395
28001867
742791705
437829728
0
127117930
944454653
0
339686679
0
925328811
332286354
502442342
66893659
962744266
0
980242989
0
0
354884656
0
0
506658014
816856438
429871734
133205123
466929313
0
0
0
447762283
444388412
113201347
808828202
613290678
5001330
795821823
661841466
0
917266126
390534791
838082361
616376134
772394044
0
699648918
0
620014831
0
657467133
907405419
505353632
0
429343310
448903013
658159913
0
0
611008478
0
0
609776570
743139331
862373364
192511426
16093355
0
505104615
0
979212493
666109304
158637
393494516
0
696472659
0
786521994
758251563
0
969298213
252208667
660990853
355555520
575043666
688602258
140154481
220218571
0
135389831
268146782
669326958
628339018
886822116
0
0
196760229
135639945
0
163282607
942619665
174196919
570196765
17093722
455139658
890255620
757804796
629273369
0
673974654
927339193
0
512041308
138848407
0
291150510
643449933
924553868
0
123738814
0
74515932
256503136
136367198
106839462
203501834
491596594
143458174
0
204462366
430756718
157407862
282678010
789145412
81777760
94261177
188153160
991641904
0
826375596
0
0
393949242
769812201
488358754
877161374
912526575
44260166
454441543
883187290
3312860
0
0
0
0
229914252
762711565
585758522
908998697
879071360
135204608
178104469
246946404
112390769
0
0
0
140109740
592605432
429891777
525087195
668176387
0
0
0
248071289
0
374390772
586671517
0
703371438
0
0
286185167
683676051
925328811
819453406
887773304
252941468
479466160
339184917
566456669
0
0
482771554
922946704
820760770
144114166
0
111110991
0
846404747
0
506658014
813449870
7237894
0
198755
939665532
220734664
880442806
119655035
0
557921087
877451301
0
403398714
806601014
0
0
0
156808072
97599760
685269639
0
0
637134295
543778997
0
164592240
0
0
136827478
115572762
842032899
117377418
470838536
600030984
846005411
264677798
0
200012567
0
394715481
822824402
0
44799589
0
467761366
0
141764964
375270948
0
973860012
822824402
779832577
848388441
0
681215204
189994160
399497501
0
0
888490104
0
934471652
328414220
769812201
807124363
0
339869733
164928717
416483623
988673489
265857863
111110991
500581649
0
590069938
657407130
0
295612997
911748317
888880
280805254
0
491747321
730520686
75950569
0
687246116
240741536
188678096
0
557239453
176282513
11652200
922430026
462173097
147252821
0
0
0
376630490
793386586
417411415
0
512965042
0
885500416
837564725
0
167695529
954401622
0
719796685
108421093
613537327
440303465
314130605
0
0
0
174324514
909718889
593955977
108088640
581611755
980429246
108701898
0
0
0
660830745
241875734
41284215
747559125
168982475
0
0
692160851
622318736
906070775
502881202
479132321
568510553
124138369
0
0
405629880
0
598812220
766063418
316479769
928634574
485428889
444424252
242145484
728936392
0
687647746
322678011
0
741140201
432690482
430672478
247049389
77533859
215058991
217975410
779766551
0
450074024
762268151
529143827
962308687
459736059
426577229
711877695
0
878025707
888490104
222217502
189994160
0
696370553
541452944
0
0
669981395
291799365
806098838
687174877
40741373
578895119
647928662
538250699
332513965
0
680423458
822824402
0
147502702
22991697
0
616858229
891984264
854289250
552835478
848227173
0
0
858745940
257767046
898294518
829122125
832620458
338874104
259705197
0
694404360
357947252
0
444424252
557993385
341951623
916906563
407664880
925328811
1784137
298418340
164446688
0
433350042
707345568
319840225
904893453
847527090
537924651
0
695339527
0
0
0
905247054
0
244788191
813030987
319781523
813903384
444424252
900593282
0
163661260
318056998
797310756
150147821
668976925
662962752
518799839
538235975
81777760
694714888
0
153962032
535698689
0
469394789
0
0
195172039
396264395
518763077
545211083
693292901
47437372
0
0
33236115
877274348
175475898
651411730
444352572
670096776
681352984
0
0
803652602
715841478
0
0
277333252
361108990
0
0
775172708
0
0
0
294407626
0
372525588
335457217
770738461
0
385776570
549159915
688845533
0
456861299
0
0
395873876
829145328
90930517
51711706
932770686
0
0
0
0
179457962
362573427
355555520
370412864
960920439
358799487
778240571
288698666
503512635
0
0
261206353
284886110
0
765212038
452065699
650752385
0
444424252
791739155
207781865
0
0
8516894
0
316753005
0
794985777
0
503621140
0
842660964
387760458
496197528
2220
0
0
138219530
777140230
925328811
525053454
0
0
0
642791092
630788595
99788777
638022302
269028223
140485069
0
355041174
485549693
40327986
652774708
615117336
0
0
829763929
0
0
868531471
613334853
383568225
877398775
0
0
767349233
323552207
407982342
262532880
536680320
749657532
842856906
736619342
86502465
0
704187537
407999520
925892276
0
472713654
446437014
0
634073551
0
786632785
0
994471322
0
0
953270097
467749029
0
0
105230581
715578491
484527950
183412039
0
231631930
156937720
930975047
0
263312735
0
0
946959912
0
320586817
148017608
112130357
456528888
0
913591047
243839992
355555520
755445447
484734373
714305950
0
222221086
470338634
379434461
10220
0
0
976802174
0
433160251
969591336
384092788
44440
0
0
0
0
597974490
588037212
168982475
847457938
728140971
47359451
36229176
572746169
0
0
0
0
0
309594005
643153322
670391779
111841349
0
0
0
228822865
368215814
218084702
0
260444385
428500711
0
0
521152290
118825175
711982532
747347629
575563835
678695932
633970145
767906779
482407502
636519426
341059933
846501443
3589
0
572511323
137604736
0
0
30211044
29125600
16810020
548326114
304572793
686363859
42171817
558285464
939573270
0
0
843310000
997452356
0
2814933
0
54999645
675280832
760468201
456528888
39325043
331927563
874308664
577016477
798793974
0
688884853
721986494
864017711
494524389
327238933
0
910457088
0
279715563
299209667
0
783040464
912734455
565853993
800229711
0
485151390
253975902
0
432472535
0
0
923983792
61222657
107121306
0
55829203
720205141
169012504
52085881
946237800
0
0
0
204413178
439977565
96802772
412748385
0
475198412
526744366
690292091
551606067
120616346
0
594785239
0
791966255
610437243
68247758
548354475
619818204
0
145212495
0
79921853
874345015
582744380
0
842824311
848763988
139216666
178233955
0
1499387
649647515
798626659
687881100
0
396264395
0
0
959540772
68019269
0
0
812420630
0
151127453
0
724487305
0
0
0
279533644
0
437681899
0
0
0
0
639109401
412408871
475681823
936286686
958608155
0
44440
958674619
2814933
0
77328921
965798733
0
996227754
521951671
0
0
819021898
925328811
0
0
0
121628009
93402894
295768258
15328003
0
319995704
272555
585773196
0
0
175349676
203455431
0
0
0
0
7961469
788425540
929820867
750473819
179970687
711110816
0
0
764785309
580267921
3729950
49201675
0
792933354
0
0
757870485
0
908345171
0
0
181762256
444396653
0
989346316
0
807232190
111033585
454937996
0
160218523
455414671
0
757445294
925328811
487186278
355332293
207185470
696925630
948226329
0
0
0
304035340
0
934283663
842397902
0
184832999
217491539
0
846558909
347453711
689115762
331888887
840568646
0
95509146
884749944
0
3069924
200783787
786801621
139102924
0
444352572
573168527
0
908390654
554538739
614937263
839791957
673929465
0
0
0
222206750
0
903867226
0
696659541
317847662
396264395
0
781685274
0
0
888880
814697104
143777481
582129869
0
369244870
578642345
691077219
855949380
37639238
328990185
26053713
628904985
129898215
15405631
713774513
34220
696732414
0
278497783
914618599
599973512
727310351
0
0
91761163
729145750
0
435574620
748251920
0
651657740
708874987
204084998
566657801
0
306714775
437952552
337900984
0
459377280
306826499
921076525
0
230964517
359738733
412732421
0
738119419
669936340
638976007
506658014
0
359547526
803369948
0
173342909
888681016
0
0
957472864
769812201
0
495064287
0
513465947
788382183
789391270
0
128290376
0
405921478
0
441215730
0
665795644
973940676
785603096
0
739911230
746613435
597682765
631230220
322767721
888490104
139211424
333977397
0
0
162716104
0
7107100
998263992
825241072
987798772
195583038
166049858
478739920
0
0
0
111003367
0
0
0
846053468
2888308
986517672
0
241550607
0
0
741140201
0
568028300
0
0
472961213
903693723
403029110
1222457
235551203
441899699
855349553
505691667
444424252
911110011
438966802
260124640
798573380
0
0
238155448
0
375915349
915421589
552983605
0
476967729
878557325
552922182
971428726
356549440
491551709
455987300
148975657
0
339720199
0
0
378307810
0
965512817
47373234
807734136
0
469393560
396086732
0
493377308
299667572
893036983
2814933
109544395
376503763
435574618
540395920
189721935
362213806
0
274293772
967635970
350322363
506658014
0
919073783
0
0
637554426
339915436
444424252
822824402
456375683
209489280
0
394385687
396264395
617495047
570727225
619407922
416010234
5331876
912639107
0
169075734
936388046
63647304
166849285
683293000
898241310
10220
156793173
168982475
0
379841810
693411437
786330071
693427804
10225
0
143232458
419258029
228127672
612128468
533846506
721503709
651302482
490168866
246755773
408491241
454752138
441677093
779621402
111110991
937271772
0
555360879
288492709
968206024
277342428
0
0
965761772
769812201
7200289
709402592
808897364
0
627636454
872865736
396264395
18823803
221450132
0
361842063
0
439898240
255824813
0
877248457
445659475
5224158
0
0
1185465
509670
781416635
0
79707045
745955623
476264807
0
175056478
850819740
0
444424252
0
887056504
499696542
83395643
159608815
91656460
222217502
210091659
752780029
311793348
0
258552657
0
0
543400669
567745986
355176360
860677686
224141677
0
609776570
0
0
561459720
0
878892858
841362758
436564371
405565966
97344637
0
361568330
702942540
56229806
739324663
178507496
931109111
616923991
0
711913283
396264395
22893957
2641395
594645051
992499921
936765384
0
230472205
940842274
70802701
111106639
947416373
88424437
698215318
651627333
438711938
444424252
466558469
951998817
0
635555513
700048840
0
967249858
484366208
925142587
971654862
355555520
0
888880
78016247
516343770
211326276
100388684
0
534728132
959644302
367448407
45267792
420535360
182010164
0
0
449425685
730399212
699735589
0
859192268
0
307453065
940305181
911065275
64131966
0
310084415
494805455
753964908
944721552
0
162595875
511738695
635221966
0
698898244
89015472
206524038
0
699072066
367902322
0
686559859
124958160
81600374
0
0
0
646454851
742221057
82695
0
496114027
216877078
931292305
524451130
702869346
0
488955424
128132704
983047390
744838566
0
55077210
650465936
0
660417115
0
386956944
534517614
79000043
583830352
403354395
2909240
626764970
649691247
0
967313609
700228770
0
600929511
907879163
546197097
9563659
0
0
790606681
320740897
809121439
582146091
366178064
86911636
593134160
830848806
558379535
499712406
885885719
0
925249343
151865679
852921759
536370523
695031528
673565694
615167062
626571520
0
901169600
815425017
887734348
0
0
0
687659753
0
26918247
775050484
35
956501070
398012540
0
875851393
340189151
708652743
0
222221086
0
115370371
151808118
0
0
181757547
601038358
0
891734775
808916027
0
0
0
65702225
0
44440
487652966
0
393496343
0
582241679
0
752535774
379508600
710300304
0
0
444424252
176968952
444424252
554709963
419529075
0
392878934
140274271
945045762
208523366
0
647083045
0
655691178
405927546
242093184
509962381
22228059
854612273
0
850603785
0
63199387
769812201
266472292
257521112
0
0
0
0
428632398
769812201
881355361
0
0
198949676
0
512137256
86337560
545950367
215648676
55004461
0
247678872
685924137
41736886
0
0
0
0
701568614
0
677481828
163290142
0
210536369
23536236
0
637395187
0
868054056
408735974
0
486948305
414888801
341417231
494158156
758715167
888880
795714596
336577977
654382865
952183351
752466269
0
0
190451650
0
729002908
0
636297166
753965649
0
427769014
0
120761346
0
0
709548246
0
19238700
528071898
86825161
101840832
790003839
0
0
0
24406181
955988260
0
991270702
0
463451142
396264395
396264395
711110816
489277191
522613216
0
386439510
756161179
495609926
712408044
0
0
0
0
477494458
658486868
80800208
598425343
702156823
933793456
211553793
635555513
957280246
191951837
565096349
308661381
444424252
150806291
110019274
376317068
705930025
44440
289151971
888880
2330819
169276492
386757267
111110991
0
715767190
287163657
0
0
925328811
410059638
628656711
0
81791188
894890147
0
790386350
544763775
208105314
170058246
848439616
0
309524138
507644223
0
0
914351804
0
0
360092904
801147077
684555361
0
320774935
1504051
0
761832058
319476317
564973723
0
774347653
538903738
0
