439729065
486528097
0
0
183883555
220567838
888490104
222221086
394701747
635555513
557170515
847382039
134330638
556256744
227890671
116677683
563548745
620151460
77217250
776388648
0
434148579
0
0
666627315
0
0
826260848
202027928
0
0
0
0
760647401
396264395
611500984
782878024
0
931081615
511099294
7379100
876348506
825452312
95633677
812666245
430415877
964957126
472451244
0
0
140160
393874468
705911483
403785519
256087557
834620839
421544507
662722394
554709963
733722207
10574115
0
606226046
0
0
220144100
990066140
0
88095312
82975657
0
726215095
598688365
0
0
270332620
614318060
0
717524558
604279607
0
0
471492840
966184402
35591463
326061703
428088906
793952073
8405781
22221443
62181122
0
217978572
661499527
709217410
0
807422673
18605090
661058550
198664253
160093764
781078473
786182428
0
0
0
0
444424252
0
634733600
927802122
794920173
806785660
10220
233754845
0
97466998
0
181242031
510166552
997428648
887961375
604288471
476305498
725714379
0
0
277717602
42005325
439113402
494666334
94817174
102180849
662444197
867595065
572290773
0
0
888880
641013152
0
59693875
662650
0
0
37520792
319998328
653934135
637805918
650128538
5293138
0
466789518
604708778
0
0
273217887
0
438315862
0
772672398
0
481642656
411756901
709508282
0
898896343
441635792
614685243
916526305
162793430
0
987155647
791034581
857242080
0
951123760
6565
0
0
136664338
0
493689336
0
226829421
540939710
772079322
564368820
0
496799380
133494172
239976010
266696522
18489042
511023821
279547268
0
0
30625551
782571284
965788678
97599760
194023007
0
293009612
182305677
0
0
0
0
976681386
359286326
119136358
964276743
813020099
0
349173890
0
587262746
247941861
732024673
0
129726515
0
925328811
164067775
770821558
520587446
0
29418581
519596633
0
711043684
482230197
378266337
0
507230892
976522299
606463232
69350611
548357007
55338134
0
0
941766534
0
440600106
0
472668678
376307043
332563117
526832241
0
719690905
702688082
303424721
178969006
0
0
0
0
329603816
633299380
107978410
579063488
29811315
881198691
674206292
944474170
0
657684000
607006767
968959536
286750496
434002580
1683
923896099
0
37742868
582172997
0
0
40648800
653418977
333712440
72419809
925359339
769755790
484598888
436347664
413871555
425123172
30232121
396030004
694345428
0
396264395
531200084
13246281
81049157
602276605
630337255
308162755
443635772
958856072
631452957
0
766322438
0
0
487183778
0
951300716
0
190584895
0
502339676
63120014
0
716190328
18341950
644868272
0
515686752
0
98629341
545520297
632946592
0
0
804519636
0
998502842
110323343
647742571
709463674
0
217530730
49071222
925328811
147547336
423547116
0
201157692
706352759
256279028
622738463
853057832
299204039
76630840
793891805
206165954
903188150
411287634
0
195323943
467454200
0
369848410
0
0
0
0
757804099
0
0
66874612
6372861
0
621033767
485971179
0
0
0
503640468
652073896
888541460
218051313
503738921
450205611
291922828
382264731
0
548105464
0
500201960
966078747
814383316
209752649
779672142
0
888561784
813909750
900337727
511070412
0
0
419534113
0
414843097
551951393
0
997929652
569345864
0
0
0
697205314
0
446643146
698154130
0
0
55476134
509238047
405991309
0
375573413
531242214
191767025
392717983
827264120
519377022
0
19427032
36909288
0
0
0
846929295
896530459
506658014
317039841
288884839
485914220
0
0
886409915
248013985
943884452
337040708
0
0
0
493420896
204753592
670767344
600887344
631859662
729248057
0
0
335102305
48793629
790693790
639995760
230533606
840162521
99358002
865776570
0
899988597
0
0
463427578
792607106
595907050
806449013
0
392584968
937975954
559534429
0
361352022
653890216
138589166
843279858
951698682
565047178
0
557562009
65860410
0
998018780
665520567
732718995
177861232
777581897
90504
0
804031896
841190336
749650948
443773407
768657312
203139497
329066669
928878415
407789589
402721601
844431602
0
0
2160396
0
44897629
207579934
0
31312703
450397858
430779313
222206750
243171542
899235265
337868529
980769509
822824402
0
587777459
636519426
933321150
407366973
506658014
444352572
322195632
586105572
363518345
0
59195728
239976010
298269268
0
41920175
456528888
376490419
987879342
204440
377268657
147045951
0
0
3135
0
315419533
0
26379723
648384858
0
312272154
67529556
0
294136387
686903434
801374643
491251243
7999608
203405042
0
0
787604500
18135741
449065887
305867471
806640933
5596322
0
355719454
719899074
0
732858298
0
760500939
0
472541536
0
399126275
0
976046627
498189370
921516145
880822502
375906634
355555520
0
0
0
685749221
776400692
444835801
311346286
0
226970269
695083444
273740188
408279133
763905436
309941064
983457966
558258492
0
829211099
0
6957199
801623238
465650215
506658014
618073636
693966241
971774671
959808881
360954790
364506009
260911839
977066508
943223819
0
529596002
0
772775488
333457468
477596204
0
222221086
846255263
506658014
905579194
0
631686484
0
84202211
161633912
0
0
193183461
506351732
18280478
913718012
0
776420969
0
456528888
208794096
0
310415677
0
333322349
881167659
68972548
51995491
715861145
376186564
0
307464149
727258549
298819575
891898741
590949747
513780096
925328811
584827035
990910153
529620337
564211092
0
0
782785834
0
684294590
553860972
182441567
444424252
0
996472294
818629170
0
692850419
0
917037590
857284010
227697206
864237787
686448094
921025190
505043955
0
996036228
660570914
196912673
716246895
0
848792138
632248597
0
487997058
538136294
243749418
393890761
0
0
0
81777760
549680023
360730065
0
0
0
111110991
0
113407315
0
1
39802624
275195722
659963014
34030
888490104
754214879
55154906
0
107325336
452382814
538489766
905219721
874837487
870029966
0
43236215
4357178
437532374
118369674
226083225
933321150
975489713
927954587
222754729
732917157
218207730
0
847834093
19752
813020444
111110991
63292217
817047536
0
0
116265173
0
317895649
0
729941485
520326160
559755437
0
48174430
0
0
0
0
566759417
718489029
296872781
349674104
528748111
0
872348665
0
881614146
359457216
0
733332083
51505234
63393066
174599625
386842242
0
0
222221086
0
925328811
0
0
6844941
242927965
709454352
766415187
769812201
0
4088880
350569493
0
0
359202089
0
0
423010448
0
39506339
0
138614756
620355221
561148829
338124573
535675923
0
816692887
390806303
77409274
662760159
696669383
850653896
10098190
877398775
638299644
213708286
137161315
503818495
0
229721501
246332589
478070196
0
460762964
0
320163339
879995690
494021078
824773910
81777760
0
185361742
355555520
437285973
15164231
378011967
0
0
0
0
131412643
377863263
733222699
0
99362638
371976447
427796859
92869162
728745033
204086046
417979068
629845092
528306842
721777760
341481193
928231813
0
114087059
0
173141443
516428206
533548839
152341328
42721452
154525687
838839139
472381720
0
488867296
270272266
824012818
2899176
0
712444105
0
0
769812201
636865240
248918763
774021331
860994925
0
707080771
386674624
994888357
769812201
0
487839797
721777760
358066953
531399937
108305608
288054509
153018225
822824402
198751635
380359185
52621077
222221086
0
222221086
1164
12381399
136810287
57974601
961876789
0
0
421747352
625711781
693851870
959708282
0
947954997
0
0
134154892
80686465
391973524
0
0
264648961
246446623
3539937
780376174
560638914
0
713234170
223745290
505938022
402391953
735095414
0
0
169192023
0
209567660
649235252
0
339148860
0
584926679
506374042
81777760
66318127
0
0
530000888
437468784
592515900
832237385
236637735
799582221
442014881
17777760
371753112
0
328403454
0
835537040
0
0
730840675
951087159
985447529
0
827890683
977025733
0
0
225768633
0
473925467
658122929
884648361
796872458
204670804
0
276630700
925328811
0
873127538
433437506
436088400
0
838518244
746345565
736538332
0
688980239
679576999
0
298392310
471403862
0
898591064
605477260
0
786245162
0
805660651
677726699
475555485
541909443
888490104
785576044
0
602928686
962342361
911528668
636519426
0
952471476
351848289
537290855
540715374
0
709844173
875115384
0
716027321
0
196606707
0
0
738753430
0
121662607
59444597
456528888
887056504
0
355555520
585045966
0
959599010
437340088
0
721030100
497874999
605999713
894414156
753254970
309743075
929633961
0
612477220
0
429010615
0
831522036
0
482074013
0
842699665
628848327
921152794
318303794
616970766
610598422
427934233
700019072
479961183
471974780
0
0
898850716
0
86195381
746615931
90046457
0
512868517
444431420
775775723
262895615
153446137
253738294
159073583
103985814
0
628653291
777577193
253513042
618262463
141511966
135198797
0
392534284
926797696
0
222221086
6491403
376421394
483648971
93510880
427856380
33920
0
0
44440
582101267
854289250
0
473799211
999530218
394468733
543921630
793458026
0
572443395
0
293225374
765623973
798469983
413190871
4669556
444424252
444257853
323728867
0
687184633
0
823305342
396264395
963030126
0
793247388
0
549057684
407982342
801079280
545614104
0
222219294
29233159
47166954
10220
0
968035737
741646613
0
0
854842078
919259181
866334408
0
894299016
437567754
725654489
0
238525006
722733334
694459178
992512535
795328646
0
408048212
709780
0
713111873
700828915
171105840
898288949
58431707
444424252
110816833
487645779
193453324
609682738
691127669
0
690884064
0
0
486055544
23287409
222221086
461838758
21941093
24359336
0
522703819
455420351
936744743
0
153893870
878200861
0
0
0
13818807
0
110554195
608317447
666626330
322624361
607129585
822824402
162314590
4088880
566837282
994998933
961955761
313488884
574664073
405446777
0
0
0
153935493
0
0
0
333837541
784197342
222221086
765766236
186578436
212386129
0
450147188
747751503
0
0
159995788
0
64237148
9366732
0
0
0
0
397973081
443365841
0
0
0
0
0
11554323
914781876
777453288
0
0
0
0
564509944
898831178
952605125
452891494
364460122
121180704
0
682787717
353224367
955086804
251666089
0
992344420
0
937981806
818959388
959958250
0
210714051
39937994
589833396
355281929
244200844
305347103
222221086
0
609354790
777060358
0
926676526
702284222
0
858256161
182995898
835223744
0
506658014
0
878220528
0
533292466
794526844
956251266
723105788
886154852
488888306
495499768
396264395
0
0
842129104
84303248
0
207858405
832299666
0
97432197
488622544
588598710
0
983708092
0
728640658
0
0
925328811
0
0
0
0
169758377
681030518
427121562
0
279681030
379199426
830999091
110
57677762
119052244
868275058
467783524
0
70510345
695943294
989053840
0
912210635
603437364
207973320
502354830
0
819821382
0
464192424
49991981
555135212
0
61880696
0
147548677
375049655
905856670
688005213
0
478591519
193122126
0
346988790
403855967
904058592
0
282447705
664436793
502247281
86573873
439661571
63271714
506658014
3560717
228502855
84981657
235227167
162421233
186164193
519994869
979654470
945519882
535627799
417964236
381038681
769812201
425783350
452124046
191855123
147752868
561194969
818262183
0
325944258
282407789
820167384
0
264972998
879366639
5150397
445057079
908633176
196742624
443604162
430215014
51173373
630154841
376126478
260795540
0
801457305
303066915
549450055
635221966
0
10220
0
785168308
554518258
524977537
719764003
132280428
49837024
524250570
0
0
148956370
534869966
0
293705005
1324470
987886042
396689224
182226510
0
887056504
393133756
0
0
369611656
730371035
0
18171615
714821946
273224449
853046190
185507904
0
5
248389308
0
0
304705354
0
465202937
0
0
504430075
0
0
59924052
294927301
495755788
128851964
0
13177956
0
244431777
18823803
662452296
120069549
593469575
0
635435385
92522383
173121376
628087409
857085637
444424252
0
409422132
929797498
2220
404635681
0
612414212
0
0
0
738149369
695783351
0
484748490
194581230
90220
188400
313955582
749390530
721379569
994422250
0
0
5848875
687012393
0
253659689
0
0
857969895
439865913
754062151
0
135666324
0
0
0
413719618
728589837
145718520
688851385
695368937
888111224
0
96840031
822824402
911556276
0
727199068
923873264
111073886
336397500
888490104
0
0
445057079
766096603
0
777379879
81876374
0
569316660
357721434
15655343
418142733
0
213614775
219433632
146061150
0
0
0
662638618
621416469
524515514
135923890
785512918
942429781
846651631
0
0
261358121
0
22670406
182642077
843283120
0
0
321088748
0
670297676
651099751
60488473
377457844
0
585979348
0
594878662
141315374
0
338805236
628349025
0
0
102263831
444352572
0
818978526
0
0
0
918020387
391513705
648384858
449078823
0
0
533329368
562785742
573034119
0
510140247
340102129
52066105
642182476
558140040
0
0
80035075
854458179
92235663
0
20228387
639099655
887056504
0
634845279
5137127
925155817
207894864
286300548
132289492
262200505
0
722166801
0
44440
839621394
444424252
831411736
641530855
918339803
754461683
651916871
242047275
0
838960039
374679131
287106681
56230
0
0
0
0
259496429
0
556905874
689388315
0
484519652
812198875
0
171627940
556708210
0
851533773
0
353852135
0
487605297
402550475
95958980
455128579
575954133
925328811
177838894
0
0
2807100
644080658
245647242
718961561
916154515
212030437
629292762
460656711
0
786937549
941420517
884929144
0
120409030
0
538440651
460479061
887056504
925710834
77732886
242916577
861245868
0
970885143
0
888490104
0
0
155282029
0
886651849
670829250
396264395
0
0
0
64514816
0
299090264
0
444957459
50170134
732757224
401766533
926147798
503759188
848934624
0
307238463
178979163
814086410
39465978
644373532
959312349
0
937750797
0
646132815
775103927
702231891
0
266940241
0
38541125
0
868326618
0
0
137045
553220994
0
875985258
0
668050586
919796780
687817961
226313846
525574227
266639348
462487541
822824402
18655871
0
794521955
407459084
837541199
475020160
0
0
934247344
978042123
305527035
220381740
321053464
0
720907516
741140201
408048212
978482736
0
769812201
651664988
222221086
758421613
888490104
0
648090455
929435757
964394119
551309629
0
735253549
690434012
0
210741
502244768
0
484887450
740698611
0
0
604202969
0
925325267
721802321
0
907278890
478678807
787157776
131978450
888190662
769812201
0
264788318
510834011
282072423
899328660
822824402
25190
0
11075208
174878588
948370570
988921683
40691448
23393823
258683395
528094821
0
131065980
666625882
899715276
772563910
901982320
403358574
609289138
368374118
969661997
688736038
0
506168532
0
182018711
0
213065281
0
622824584
349075927
711110816
399998342
0
0
0
4088880
0
0
749399732
865570974
887056504
532742294
301426074
50568924
0
298885728
597721544
0
1160
742221057
40092985
240717543
353953880
118655486
285158741
0
925848098
0
190928846
470629323
313617605
385248471
575935909
756706089
567900490
791766465
987701545
556625178
391467226
355674005
812147584
185259000
0
0
540540721
17777760
358077192
144768952
383178007
0
439819116
753717121
222221086
0
948656801
276779678
633757515
0
686743392
0
698338942
608839413
0
0
0
0
736607195
128614739
0
789086692
296526429
457168613
611182223
777243542
0
330964585
47862036
0
0
18055980
591790814
0
0
0
942880278
21502000
0
774676689
671914024
0
387452687
3867900
737292659
907245357
0
826522027
266504360
0
284154058
716242567
0
891968968
17777760
193714767
222221086
451357510
0
185267975
0
846715233
152470
396264395
106226050
953071655
238815264
0
0
691047667
0
69107573
0
0
498264201
0
0
737509583
759805779
186690412
135983004
495789040
0
435963571
907837566
255474844
864053618
608491391
0
365810846
0
382696491
500435702
0
0
82282429
0
771663981
0
556177489
0
0
769403987
4088880
50666640
467439238
23834183
0
53466808
0
78912686
0
60319272
739143796
452968994
554662659
693386667
949904473
0
554288702
204944618
377009011
316643680
1847443
169022068
0
0
617735165
22211715
607751886
0
0
862841104
207115830
317395783
601079216
351279010
28169732
797795810
910004240
0
90310880
547190804
701721842
0
578763581
870315640
0
814537906
217832835
0
145168629
0
523914931
0
713523856
320126109
22827991
243986023
52465121
830904902
40512115
525089606
816887337
0
0
37605364
0
0
641476070
6590119
0
0
517978487
917622585
942206858
487016103
0
489218657
15116563
44440
746910948
982283007
301250378
9877136
949020748
578001133
875299250
2220
374118970
786771038
882397304
208016556
207624635
359821287
0
698347796
0
511110277
206375553
948062327
547117656
612026816
2151
447000694
235268663
147162511
0
775961511
0
877041717
393271908
0
0
499849758
299043902
452105948
897495269
904948392
0
888490104
423226997
457454227
0
784028383
629676196
767942273
768698331
637884461
16042204
0
435776041
0
0
446742579
0
888880
194628109
0
0
0
0
0
0
0
313349685
928618715
796704747
0
585180119
0
0
0
226952999
215770388
569937713
769812201
0
361364215
876302426
0
769812201
721447272
553990603
0
444433351
638649277
433741058
404541856
922567735
0
72208797
125112376
0
227524571
85136983
0
640809052
925328811
0
0
912425962
620926913
0
323619058
594947761
986504109
374202812
63316114
0
506658014
0
937558245
79910392
849333682
26900252
820448225
37688320
341753444
530299755
988226374
785833739
732100656
380494589
236186839
0
0
724736570
906606376
0
923205126
116664313
730785382
606913398
762143513
108990769
0
769812201
641695536
304412231
0
888490104
747239024
522396800
0
922849263
994789943
288113906
5380
563720625
204462366
716960087
887056504
28537383
0
0
0
0
290473993
893357000
681192548
178979163
0
610999503
856840389
613290678
0
859342780
578571746
635770836
0
802911864
487811470
0
797806413
0
360876846
202271244
774237129
675419227
529119299
462320673
954067238
274678866
0
0
635533704
0
735758757
0
0
0
546665965
60541894
0
4088880
0
608061673
0
283386636
333554039
569795992
607782293
466056167
0
375186230
0
852806224
0
695895611
729983777
890840982
688880064
0
0
0
265777273
541350831
0
959412232
87399332
508707590
0
0
59120005
486620685
995457473
761654649
0
82165813
0
162945788
387457536
0
0
0
0
171533924
0
0
634880366
222217502
0
0
293842163
741140201
0
744678095
103599625
0
495795480
392067687
525901823
0
972791423
17777760
0
433834295
506658014
520161650
0
860957751
889539750
99195304
0
200936625
337698626
762036181
330011309
0
0
0
276770346
701485777
151275
769812201
262933364
860946213
291209635
112534933
719881131
431700209
471118105
78014703
579686708
333261165
0
0
0
400771458
734214311
119531345
291320839
201110921
0
34454557
0
351106681
568072336
0
925328811
888490104
719931236
0
722997558
354130016
0
0
257156138
888490104
155448468
925328811
265712114
30609046
647578988
208887337
15
947873377
506631174
111012119
207086849
193519392
20063340
236489249
0
387668950
5416110
65766045
0
0
184278494
0
0
190960799
0
949121094
478271973
468648222
0
549391150
250278030
335312222
808386113
753908464
984948323
222221086
0
710476015
997417606
769812201
720191669
385414006
0
0
499715010
711110816
78239924
0
279396753
613250392
918635541
0
769170075
858771461
604920775
226641154
840399368
274840935
244432801
362360041
0
216420132
288884839
0
581012606
0
960527259
33946662
6857201
327607380
39054793
462337540
286542800
40658752
0
422261055
0
751614333
330906543
987160997
0
333367397
66323545
0
451604705
0
0
9849171
202087499
32172231
754579380
200125361
176933699
499557166
103288640
38624325
0
248324555
0
639043529
349840064
177096833
0
0
25537058
0
0
396264395
225149697
729389360
336378559
170561567
998647119
572787455
840001089
638346432
701062787
539609414
81075
717804616
0
0
936045632
262343806
117059893
567165048
845269025
136167466
0
432913934
0
0
247721284
0
873642217
925328811
128482885
853709919
848388441
0
49429567
248740294
0
616586043
108716804
445509003
432570620
533092416
0
0
667233457
0
94857042
47437372
0
412284830
924085962
132098846
0
111110991
0
0
291154900
0
710580
822119161
48752427
332223130
307072399
965329382
284766238
0
90169044
924458676
561150889
352144088
1010006
853429642
780243556
748329899
842195181
369724168
510953879
0
890360063
925328811
241292858
0
532365487
277246717
461513729
52262385
431992948
0
355555520
114910431
0
0
0
913427758
0
0
744254487
0
218995620
741149568
533821934
693257322
0
413243756
463948249
101262074
0
270147527
362198703
0
595063076
135995531
226641154
0
696945515
491238474
741140201
0
0
926204811
7114297
0
498380339
269316794
925328811
111110991
386649990
0
279362916
139088793
0
297752184
0
0
870305085
138821820
766705232
36699001
676724555
572635066
0
67661735
516343770
327144207
0
618852276
0
917585429
932770686
967318456
115313706
0
0
760647401
0
371350746
0
1065162
14158505
0
343974217
519703431
993159677
370715190
843388022
865916670
407982342
360953646
164522089
0
592886469
824333457
0
0
0
49039665
896638388
242174308
942131746
0
834372610
0
52692644
229959728
493867672
310378375
0
17244240
941858251
148805678
677390198
0
554869053
271227343
302298615
953079927
0
466764259
0
91920271
119022256
713963997
713423846
170718588
783129996
0
872607533
469675788
320161999
0
0
110250830
739677729
374621859
695925012
523152197
917240857
496169173
562719842
579986554
428158161
0
0
879047099
857908736
628395845
678030983
572959892
518312932
702881182
699868176
304111576
586944292
343407412
155136243
0
0
311242171
713924868
0
440031092
760647401
636312858
238215155
0
0
160235986
0
611384124
862377196
295453055
0
104434538
939125541
889240260
913151026
0
226752737
941661428
0
0
431297848
463030366
798848279
1220688
352584
574177379
0
906624927
888490104
342388674
445575257
554415140
983929957
81777760
558428569
0
105688640
241945602
291630607
0
0
588785493
0
0
355493369
402204057
804513599
0
813017556
348513919
0
64920849
0
161456075
0
806497573
960457883
310916329
225528285
0
0
176216520
670290917
190898108
656291800
407646125
738648023
542220554
741140201
138530666
130726445
9532722
666534413
0
896205346
0
499243820
63176952
0
228280146
147913679
0
0
0
506658014
255743668
0
0
0
955213547
244013648
0
16399800
666426714
836706437
0
222500419
0
0
444424252
358114113
0
96644411
0
467471216
613876000
681685975
905868589
925328811
953263574
333322349
622772934
0
0
0
767387855
0
569159516
31185889
0
0
0
622570635
0
0
92235663
980498595
535783949
0
406727558
912382506
306471108
0
802571063
0
0
715495985
516977067
0
60162783
159709723
732020438
0
17777760
490266772
199395920
0
0
79672911
0
375380433
752777978
0
305714563
468403619
328583639
599043851
58090225
933719460
0
0
803880402
318874909
127986718
734356768
0
0
0
93072197
296231891
97411352
0
320611197
389557426
0
0
914256562
970127778
48929337
658431613
212967185
551804333
559860459
491342158
0
505570986
613589215
44440
505986183
222221086
0
594011430
573887439
722514758
596092470
692470765
0
0
216983660
0
471975156
0
95902543
0
191070845
824219906
441042120
714002982
862285230
287674797
396264395
155448468
536337355
0
0
629783439
89331116
0
0
435509790
202636685
975506382
506658014
773569839
255108793
304721614
970593284
925328811
0
826578611
0
0
51402908
0
308646028
385014868
720198083
0
0
952544987
359509303
804052861
844009101
670123218
0
487564197
206149433
0
0
111110991
620401323
39171911
941477605
962258466
813800420
897860737
86434715
463561713
0
634472264
175490
0
0
663383787
0
593755108
0
415006672
113556240
741140201
285541813
203098342
753629062
111110991
336628427
0
596330933
923799845
0
648695117
741380055
226609994
0
0
944045454
0
949082136
416626997
0
0
563851631
956942397
341823773
143456370
166223891
90383013
514539067
59797639
472583773
0
0
799511129
546534011
32345
771245049
0
664129827
414633283
0
645992535
741140201
0
0
0
644163691
0
888470377
822824402
793880587
0
719690542
196462956
996096527
0
0
166131189
79807310
0
818426146
0
0
163047264
882008269
0
662957328
483909522
444424252
265603092
0
0
432339083
231489113
217582523
996604825
401304962
965761772
228568316
92875320
0
107483855
0
111477680
165093805
506658014
128284614
730711239
0
611260904
0
0
0
186483486
12791071
525483783
617675707
765167404
0
902820914
19556160
116308942
0
925328811
989407734
0
75113825
0
0
0
0
821337793
888880
768530160
404068770
581963989
0
971126619
489627393
0
550222607
177236128
0
898567464
0
544371383
197099509
0
188612038
973630781
918158679
555366859
0
117665891
369358976
65302225
0
724673886
0
222217502
475678575
253936429
681577098
296319259
4272776
0
827020
17777760
678395926
205413069
436602746
0
767992138
0
0
262640586
241058290
0
858392433
0
110849
394865182
0
117397067
489980740
309668789
832551745
931013783
0
16003981
94358762
939949150
0
489462877
106224468
396264395
275503875
535700291
0
877398775
573870855
0
241301753
151785113
672035624
416908890
632429363
0
93019464
0
0
244429878
296919781
653198166
0
0
96456319
445057079
835491955
43578370
33823709
629398645
229585694
224392670
0
0
419416800
560535629
0
194544057
0
141323557
11385025
410231080
0
165319248
0
112607423
0
211188403
81777760
0
562350132
916111909
576805557
661278751
302130613
246992478
682058209
822975268
419594342
299205336
0
463375391
0
774178897
287065289
0
487506625
506658014
136416983
463376659
0
0
173076550
569606210
0
6437661
806830240
967766240
722334995
395557097
222061174
290075964
149115463
475113848
663802624
250895150
93947600
588942211
544963120
0
140515389
314915456
612457113
62316691
966065290
888633464
484440331
787603990
0
0
996181352
722328032
0
0
888490104
0
618538739
530782669
5988330
958620630
707043988
988193758
0
978732551
0
0
0
120229275
0
607520064
169634417
473323193
52290
257609020
0
341824300
0
0
313536989
0
409381306
485375965
477452532
568645755
57417199
404120
907208302
0
741529377
746198854
714425131
621523906
0
501584563
0
17736348
0
404259613
157681330
194738258
0
160331314
925328811
0
835802539
108423740
982176977
278542316
10220
456426790
0
506658014
0
506658014
433166681
0
822824402
777309062
0
292555294
17777760
538555154
0
740013155
788137429
740907593
804469759
438822064
790804023
555240329
294213916
0
0
486344187
1160
822689200
0
924502123
17777760
444425015
335091278
0
978940738
878556615
0
0
8496256
94382434
630242788
528944444
606347955
337672408
749809199
504610064
972554930
0
581365055
36040
0
0
229122589
357632635
0
873990917
0
380963536
512812110
374525012
111110991
0
0
0
626694030
0
586000073
0
248148780
995555520
0
192788091
192711661
777908701
54399986
776983932
0
240269966
38225037
853866640
0
0
0
903645729
485866160
90007017
72989760
113470932
599490847
424858178
0
284095610
356632642
370846465
733735647
0
505343741
122390488
824104422
0
0
386270896
0
0
773684668
0
619857655
0
3164658
865705922
526463236
977889587
0
0
0
222221086
61446846
966091601
258549411
446573244
0
708426188
218958558
901306029
679900770
873152745
0
281515611
956708512
465278417
667590971
880353472
479775353
0
905148769
558285413
689746229
512995861
0
264313598
844071505
533322440
0
0
385753094
5550
447288400
48777078
0
542112507
0
278719548
511422267
0
509282971
0
848597774
623261742
0
0
0
997402319
77014957
204642646
150647592
396264395
611800470
0
575857330
3781460
0
575617874
268702669
620872572
564070020
739012608
0
0
143805529
111110991
899321605
506658014
444352572
0
0
336123882
0
941533024
603651010
333684910
512334027
0
564933183
673002922
950085551
0
651543672
626470274
0
0
624935930
687659753
4095500
0
908698321
269328921
439863245
293232656
756310170
166076035
0
815075919
901042263
217055385
634927304
991763201
0
0
109323802
375374414
222219294
0
0
78944783
870031962
0
369066213
0
749718578
839471495
78669941
135606113
323624571
982470663
361798177
956387466
127840810
0
0
0
0
773569887
111107331
769812201
0
414730304
968411948
0
691294582
388167029
92235663
159468078
789570616
223113743
622438947
200717499
0
0
396264395
0
226641154
285614620
171772710
0
0
0
284238009
0
46172277
859914169
0
493515686
0
0
396264395
0
0
292136485
704310092
792631322
338381420
0
0
0
0
930284839
120859173
252631455
380950789
0
872927557
0
0
0
359550429
0
122546058
2106937
32190964
822531760
204400290
443728392
970110119
4163722
951597497
369002021
0
658924327
0
0
133265587
896560302
763455682
0
383676621
346511031
0
0
612775183
0
930942666
0
0
0
0
440388
0
0
700134467
0
769812201
920870140
521468283
810267249
405169112
2704517
304301719
0
923749599
0
0
349538863
387653432
741140201
935168811
872720504
575173017
713114547
497613441
557759285
653500036
625319995
0
0
487505939
377274645
922110313
441896315
0
878983803
25778461
129203917
0
190561683
100155389
797108384
104431963
45040591
373280804
490136824
296505220
427810403
918466706
704675423
0
733166574
0
481418853
0
503689236
966459077
808415391
0
316474385
0
888490104
0
539709423
222221086
335463019
613172093
769812201
531392935
910701487
101762144
4319205
448809801
519417992
591133668
0
677071819
0
613499996
785095905
0
102271781
248805355
181115440
0
660444433
0
530958264
531916989
204990772
790264382
505230056
20102261
90041848
769812201
510180584
575607488
0
0
172408585
860833253
0
835886825
808697765
0
133446056
510631716
0
0
20737560
413822929
387201735
769982729
222217502
986844400
927263900
0
0
308900819
0
0
0
136900288
30273765
811883978
632211137
876366054
499252815
0
160288048
0
125046236
0
866620843
506023009
0
196192590
944180054
0
796219971
651196259
961270309
208060706
908937975
559676938
258200756
576833790
0
844433074
890941381
295633015
209888478
562635676
606828861
864555271
288422895
0
220265047
996128508
104071439
0
964053654
222221086
600901956
387070953
898484534
440223153
272146720
615564533
648313636
825487865
0
604738336
206683102
521250934
26468060
0
654110696
10216355
516977067
0
164240993
507511685
0
0
45070094
51276411
804367896
354130033
0
720956559
619583595
677955033
659606816
0
2814933
0
396264395
632121210
249384402
886852632
0
0
123993428
84995629
9955465
0
887844984
37508523
0
12303274
300711930
475739178
858610546
0
0
344360676
444424252
74079239
824428024
87872287
45938448
61160531
96739710
631352573
415903826
222217502
88742156
34650089
444424252
64791178
83549036
0
857853307
542026387
604202969
383699809
220641426
0
0
0
52750205
354092918
243269743
925328811
187051254
0
0
131955486
492377543
208254185
0
159644426
0
84835455
195465131
469948300
0
270479361
756794955
264
0
456528888
331632293
948620282
0
999963725
226470245
54999645
786109311
752642001
0
0
887056504
0
0
925328811
18823803
33463992
0
0
0
706085919
456528888
0
0
551693071
325330418
0
0
598818241
730971553
442067935
81997
0
976212887
422414563
232863589
0
0
127248093
724253368
144059080
460362592
623433021
368375999
239459680
471561869
313140070
0
0
401572631
0
260951615
0
355555520
12137882
591351572
0
950378901
173588927
0
0
0
954097811
946390793
947981820
0
983204393
648384858
146975633
590315192
671587717
992647448
742304694
577066942
0
635090410
73930811
111809599
0
398958867
0
445783984
615964929
661634
111110991
503337845
990467854
408664655
0
823501
550323806
0
0
0
396264395
1680976
686339408
107233751
127166686
885356667
0
734356706
0
189994160
378692584
0
847883639
71178780
275361925
150534241
809570580
0
918679102
568347278
59576666
366978186
0
0
739815024
925328811
625513413
979657875
741300072
837439189
603498753
463453006
222219294
0
0
251234724
569507558
887056504
10192533
455413678
974293487
0
398490
883554330
882229008
834275588
536337355
283846236
711877695
222221086
0
645925618
0
450579077
66142217
0
0
870800940
0
916163852
0
0
0
258828212
725547863
0
863408911
536638706
318984614
68920704
749716161
387515815
0
13822667
19491206
0
111110991
599971444
207165021
317931206
0
0
194009461
2024058
24067000
276669833
996419892
206497127
191473501
373188705
501299303
118448550
666625882
848540453
17468928
116295743
0
544546715
0
0
893854854
0
0
0
100736042
959112434
0
430211977
939422080
0
0
355555520
119055181
0
332729019
782388317
778057321
961972528
0
0
401008226
543109626
0
921689483
0
520748491
450023636
454337931
882737354
88770363
778457786
893289698
0
54451703
430334587
11372985
989876560
177548883
2220
431530238
211531738
0
0
66197236
0
598426026
554343941
770197087
81159232
602104118
952886472
291303345
593353164
971073990
929593786
357322371
139028949
0
0
573223596
0
506658014
2710
0
648381065
788433801
354730560
396264395
0
502015886
0
762514688
410587841
0
0
741594104
116486671
945186666
0
902733898
0
0
141490373
87779787
4088880
34296404
92072374
990919593
944990736
489579114
0
0
513877344
854382268
0
759967678
741140201
0
323172880
534869966
0
0
0
0
0
0
0
0
474040592
16471489
222217502
0
0
71569522
0
569278225
0
344089917
175593900
0
970651977
0
50129126
0
0
728075737
0
359481559
111110991
0
410075333
677783681
572890209
726675569
873160941
111837721
870176861
0
804595451
224813769
214785874
15262482
0
402762966
824568899
200739613
811600794
537466649
41742513
829543775
0
0
799888428
288271389
458587937
0
0
707063184
743668072
157825599
372599785
977334914
523894885
894760077
4236842
935663522
562603583
925328811
3891900
188740450
904523210
0
1952177
169396734
28271309
0
925328811
20228057
0
498768804
0
244086379
0
0
0
549359689
31089008
133820804
692812728
810120950
560893012
180516265
514447409
707542168
521060977
0
0
496799380
408502889
870419408
0
0
101353471
79293648
816342341
869431771
0
256183287
0
0
369846925
55131172
361915955
108207490
0
0
0
0
382803808
872224097
444724455
546949534
0
234387462
0
684265942
0
409402163
0
0
983748917
0
998152095
930515572
580670454
216215819
272980327
604908098
0
587220222
577347464
757700107
0
28826593
0
0
144508481
697902294
688810706
872871480
210744612
952617215
0
120626110
0
112064185
435555422
835944427
44440
234552811
0
0
273777760
989989210
0
0
0
0
18613891
974476677
907072771
358698000
668850303
0
0
486859395
0
396264395
233130129
0
637752216
317983377
660455271
0
888490104
0
642972921
814941356
0
111110991
380534016
272573183
0
943098691
767625092
0
302216074
958808713
0
838128218
380891540
888880
0
711110816
159954
0
156475340
715509673
44440
404730496
888880
968718227
0
495312727
0
363990761
252285343
0
490920156
852636168
528354863
88972524
774031107
971598995
736273200
0
367821666
0
0
0
395879281
357275811
41484051
583733870
440096067
888490104
343427871
238940903
610748210
990113697
75993362
267512716
211397723
606115487
674965076
289599763
806230425
217462153
0
0
0
680597594
0
524066762
531893506
855241656
156419748
942957357
222217502
972777530
55889538
268971910
680997348
0
542714917
763131759
988753842
314873320
55255091
0
904312169
0
0
204137860
15241885
929193441
321503423
0
850152759
54055720
573889854
143859098
134744965
0
452900328
21385696
311152700
136477070
270348955
0
0
519701191
0
217721076
0
827609388
943784010
325778692
807186727
821414447
0
60509980
985932409
912808127
73675378
0
0
671804252
0
0
696716775
0
881622873
444388412
91524427
997645858
862474863
0
627789130
0
0
535898550
965276716
555370443
0
696021978
355555520
952149727
183853195
242040866
332513965
289631033
0
755476201
842856717
0
812433528
622219247
51298546
0
766156847
80671526
0
20746464
653591357
257092062
0
0
108088640
647849496
25537058
0
525724951
517181926
0
0
0
345210752
749630156
540417275
301719289
798405971
396264395
0
661056190
0
625470685
65680775
609070745
0
982958496
0
800143962
926700203
325157439
762703636
770019167
949503821
146523594
0
176548677
347248069
490263914
357002424
107379848
985668751
22231147
239950112
223443351
298466804
868791528
0
0
925328811
444656840
0
946896467
0
415122344
186017566
0
385187992
999107335
940513421
480531869
163176427
0
408048212
582698297
0
397881478
288348647
825081718
792002683
635555513
353057398
190928846
966356460
833338664
0
444424252
478761489
706720150
198258353
0
0
0
444424252
13320583
966152184
349757289
313630593
0
0
13623470
47976277
0
677941739
249265288
0
0
249564709
288988422
344569142
920863447
0
506658014
750840301
528189445
0
157644844
769812201
0
674339776
0
99490458
0
19820121
613290678
0
481487264
558175910
250247940
8763363
741232193
859610235
0
0
81777760
968128444
0
0
933617669
608471384
0
823977939
2814933
0
0
357341567
456528888
810
666222087
314062723
496279254
483033925
0
0
0
0
0
535905328
873751000
59555499
183186695
130705586
666231432
0
915351068
0
576520224
92188708
0
837601149
0
795342682
883462656
987857525
555515787
5871842
938317410
13550562
0
788601909
90757163
0
959423952
0
728058605
0
312117418
655478806
2414926
19979604
0
982405043
665943072
986160366
395989128
0
0
922216101
804517877
0
648451447
817416517
34250297
705836427
444424252
0
372004536
0
14981890
127589428
208063329
785230069
66
607487641
623053827
414852182
228749188
248720825
881750769
239057943
782861098
36626688
171328780
527794180
803835605
449586924
0
0
530336664
0
222221086
444424252
444424252
391522968
715941825
0
637316812
0
0
297555752
855455400
565799052
639995760
432708485
0
110
814382104
3180164
4088880
592712525
506660263
0
111110991
187115200
814542969
0
464085168
47004134
0
426466429
935786113
396264395
48352911
0
0
0
0
154379803
273863836
444352572
0
0
214856113
0
626204490
715406521
0
0
0
0
175055400
0
677562821
222221086
291259751
0
106916277
0
853996302
17488750
0
62289655
0
927794009
0
439350427
354352254
0
823546
0
774185457
889994734
783080442
628193978
610019629
241848384
0
925328811
0
425781154
0
611037199
0
817852553
828277502
557978829
920951725
745614770
321272187
526284266
328631293
444257853
894969942
0
705316545
85446147
0
160571872
924458676
0
2284440
490619163
318540250
860568567
0
506658014
366892582
896972664
456528888
74819323
4369241
797899590
295453055
0
118113767
644515257
134808965
960878243
0
0
361405943
0
759288244
0
0
573965872
842174472
280112533
709528405
117959146
532533064
0
92522383
529328822
598666071
582349890
0
782455645
7023232
923625249
846699837
577713554
0
0
53704133
0
59428036
114700776
0
511374956
0
709015416
305508981
0
771307610
729337117
0
957006655
14213138
0
0
25537058
663973078
0
192511426
464972901
267452146
111201379
364999317
507860420
0
896736157
459899976
229210246
0
0
884857464
217537693
623823181
826288914
318070086
0
323606042
0
10944153
365891673
836349096
0
506658014
0
0
377363649
301010334
0
455194072
598736763
2259723
0
0
550508986
0
112789093
888880
396264395
0
925328811
0
297125375
374209950
926969500
0
367836315
0
423833097
173471448
131505048
777577193
769812201
8210841
0
236872890
0
29913029
13514054
346369936
0
0
886856033
704888653
52454972
0
751892201
717764803
0
18052255
0
949021599
60994260
0
0
20613031
534869966
288848211
374525965
292171760
168183974
