0
881922277
0
0
829540567
0
0
898817768
599895738
30473463
878983803
0
44241103
525364474
0
338747187
541029569
274972035
64206221
747057270
440576572
0
18534900
0
0
78446572
123993099
461640084
19413120
403235080
635555513
0
149365023
396264395
381685321
112708287
991580428
142101504
547440131
568791072
0
480081501
222221086
0
17545299
721283171
204677406
0
875042515
830004618
50674313
822531760
11157977
0
373730377
89535740
831829240
0
0
0
613863720
804391250
175619806
869885245
888880
455463309
880914614
734994927
912520539
101476819
685902417
378782564
11377760
0
129073004
733322606
886447464
832079515
0
943800351
0
603061507
236598971
851474272
155449399
792911449
850320208
0
477605566
0
100931911
0
623923636
363618015
906362286
532696280
0
0
906771289
0
741140201
943113243
11300
0
396236427
599325017
884638127
637991786
20813028
9991784
449504170
679384347
510
206461404
342106179
0
787309834
905575229
529725093
916275888
0
639858846
143296806
773911336
0
599890005
0
642655934
496799380
3071
925328811
31177712
142508993
0
586470120
0
0
968403984
0
224069335
607092845
0
0
804861703
897772385
626328986
0
222221086
221411867
0
894566228
326875389
0
233573491
820094860
0
0
876650795
701874771
925328811
953554896
0
843779367
0
26724922
43236368
690861594
0
310941683
0
0
0
855354856
703615382
732452261
183767308
150305515
0
268438978
0
331078831
0
0
0
910620884
91951133
992484432
777577193
0
855109816
25339185
739893541
446181367
0
619794000
0
455327743
73315235
341753444
677095364
0
426488400
111110991
716094361
706554494
0
595264703
355555520
0
0
0
0
714305417
0
0
0
514810832
0
848388441
283245999
0
0
0
256718890
0
690121326
592408383
610944916
18823803
438449547
743506487
505169477
115709610
956912120
284546693
472842073
584560380
245615789
648384858
850456211
72896752
0
4897240
10569842
180531415
466060431
648250107
0
0
19891180
308443787
831156307
12553886
32495989
0
854852856
0
861868635
29096571
0
0
36472097
496664510
0
559110041
0
341293605
151921423
474636716
106967439
0
85773155
0
0
769812201
847853641
111110991
0
0
263481868
566755780
855809285
0
871122528
0
305009030
548229200
158319420
121856369
571106669
555366859
57714677
847682711
0
463542658
375072174
973087785
246470750
0
506856568
0
937168980
470512843
85566662
0
986243765
0
506658014
0
615541769
349737696
641895173
12416700
0
539470702
0
0
134731637
484166880
932770686
260088880
223318246
0
630092117
676921373
0
519491167
544421156
355555520
145569163
0
913651074
0
396264395
842639207
609440785
557515175
869584411
599034654
612844482
0
0
708560
451961414
0
0
126254475
213508606
139983591
909140371
832915563
497866476
823937082
492249701
426825583
990619185
317875886
770170071
795425540
0
222221086
0
833753748
527314069
23101797
111110991
449564856
0
766757862
903381870
943175015
402080099
212488522
553628268
177625404
280523951
0
438118012
613290678
786890687
900128237
344878428
0
741479464
376881893
0
0
135538782
0
936023287
506658014
506658014
532512344
0
75306160
802615440
625886701
204274047
0
134469955
325800238
888880
839904400
769812201
0
0
97331608
0
47038925
17837224
24
0
832511838
846158923
523095611
0
177732479
0
888111224
0
727827216
0
0
887056504
151898069
62134670
0
308787803
315427245
0
0
888490104
258056738
0
76621119
786345957
324162749
0
264074556
223657582
606994967
736002698
839889675
769812201
0
210183782
308549217
2024058
0
362290799
336708262
761595938
893626461
0
401632183
147425
0
662150904
0
969244991
0
670413769
691779718
2
802075030
769812201
120786789
710870401
533513387
21467780
991639146
323861804
812334764
0
660559511
807146347
396264395
699049012
800857813
684033538
0
0
381900574
695823172
0
927763405
560572130
4919115
0
943815680
0
111110991
0
0
832741146
336484622
0
330996944
372998935
0
677856057
0
0
0
760468201
0
222217502
0
0
997929652
440479166
479043527
0
358648349
22206515
822824402
235756855
403163389
21079670
0
0
269822034
0
244092368
182117848
786718061
741143712
160158187
471879020
0
507751327
0
485866160
814281810
213425934
222204958
192999865
0
525438226
0
0
0
0
54156442
0
977354836
376277212
110561416
7289419
0
0
430363648
48047247
625625024
642383362
308840907
191094849
428766087
524205323
333189656
653422426
110163682
0
0
839358527
657298272
127832049
0
6768843
0
709087873
564061818
0
891614894
13149538
811489318
492751308
919323998
909653930
549299038
0
217345
285742466
0
0
444424252
0
660307503
888490104
957641368
0
466162151
396264395
701336368
705689243
534869966
741140201
269164248
833115213
831171217
658828068
527245863
286121412
312450237
206947953
927301389
215110546
232254294
0
799010462
696066566
865093126
0
942680951
239672098
510436206
488869615
125144375
332603125
53105693
85569719
385803866
44442822
0
520580314
302835753
85957650
0
665113013
752924018
267972112
431455712
679194065
0
0
0
365055969
402087900
558619941
91386290
0
893504633
0
120568733
0
0
161359886
0
303448
582698969
0
0
595926376
464837910
34021302
0
894302860
0
444424252
108541071
337605801
491429545
161151465
0
846798968
711110816
865810069
878983803
597631735
203414729
0
0
0
149469
326763929
731957733
0
209752649
501550051
733655677
116105137
0
506658014
266936147
690039045
0
0
679140274
283176412
561615707
0
533614114
0
797421841
203261764
398007540
842628202
404187881
296790025
0
209752649
536442401
0
822432290
453626854
0
490092736
645027203
527040359
0
17777760
439424352
475024258
0
930326589
0
882755704
444352572
605132871
984591210
119930241
77875520
0
0
332563117
888490104
0
81777760
289221071
0
224301033
750941756
874331348
567764519
366624065
0
32308566
0
888490104
207320802
847521770
596462117
66028409
563847398
102550030
450820770
519756798
0
80424738
279128128
0
136370873
316465925
5314226
49481020
0
0
631065282
0
0
250892610
330403622
0
551180235
565638733
435507263
0
584632536
954513698
366097180
795631687
646147275
0
37104227
224827202
0
554373615
0
0
159995788
586591909
17777760
73534411
0
525489223
0
887652783
803868950
0
827085396
0
0
0
357307290
619949456
838303038
71298482
31957163
562219225
446227099
916940154
0
220002160
511064869
636519426
0
0
73043400
705218414
659996231
885034007
295453055
0
0
933584721
886228279
125506529
609358603
249165755
540295179
755476201
144927745
582393776
383174153
101840832
355778832
0
791299716
884569095
0
869509281
813923608
258309462
112975276
128847760
170273796
245393177
563358499
423909608
789973434
616523098
505312759
598003312
232838270
306797290
107290224
0
445057079
81777760
525142537
870315640
195381926
108105968
644005999
84128886
0
151689983
745644864
380386786
854549994
226302893
0
629342488
69902380
0
0
574161620
688845533
0
556905874
525707778
0
0
126382902
296562709
444424252
0
394375439
12422124
320961377
511298171
837672798
584725780
0
0
504361113
744514914
142153033
904792468
861271465
240557856
12461608
429925771
329407474
280399266
0
721667783
388560682
624921479
523912624
0
107569592
389981287
0
0
555126765
0
951848402
0
0
648209062
362651037
0
0
0
655124201
186867573
695158889
860686336
0
129764332
287209378
729145750
251524030
0
0
307238463
578507093
360500322
113011222
853121507
525669242
0
0
617146867
198017494
821906723
355555520
265280361
278748059
848442010
0
359392227
402695727
775574983
198004746
0
15
0
979484070
483123645
0
0
767192379
7926594
0
469432642
306835164
423338010
0
122435922
164315449
102738896
236944131
803575184
980840287
540035000
123738091
790181156
586647927
739999760
0
0
635555513
94303263
687584844
935916015
659029795
94045540
475421697
0
645312094
143866560
0
0
222181662
84019595
266
0
0
527165734
0
481653270
27449720
88295314
455477152
119195725
624669567
303778188
0
353361049
857813987
199441024
0
295592244
85368726
789484642
0
875184063
81841547
72867448
0
0
536503750
81777760
886078282
741096965
689262043
187321291
456528888
0
363316898
0
673224841
0
63199387
137715330
80189965
0
797185400
204352888
0
415447529
355555520
205438410
0
0
741140201
81217574
741140201
918804957
832172967
926341772
386254264
890790494
759317645
504179577
0
0
0
678029876
0
161679819
0
950139692
707630445
0
555366859
793693817
777225205
255485987
903946269
398294756
0
478923137
0
0
0
0
28440
0
741140201
194633594
0
17341801
304494691
0
523124719
305028632
0
738743050
396774262
927097039
681140118
838266820
695630549
204462366
0
41208570
554719371
521352821
0
950896571
616852807
448244550
513564130
0
877966256
0
0
851496702
33552257
406557650
0
0
313827473
0
1192650
0
0
656061908
0
804848175
0
169583410
0
721447272
0
0
296706051
253157058
814037504
479678355
864265780
0
814991950
425625138
522249453
479719493
736417919
689397394
0
0
489557217
0
3000
0
662639962
439714866
29320
342990197
949867694
888362568
0
640831153
10605170
581972151
761761055
0
812783001
730484041
0
301312350
338432869
795551082
44901421
0
119086076
81777760
0
412333048
699693468
2814933
421392501
46984644
238933425
0
843980153
531521232
632671483
804083990
42748871
122321270
361054129
822824402
0
0
299516783
978438180
753831144
550834324
0
0
0
296274260
0
774012800
666810364
884857464
81677033
497856847
841048375
0
0
1994652
512881609
881305377
199955803
347680352
916275019
0
14926615
944221198
81777760
599494512
2891097
196773275
755630085
426428988
35745
79766047
143998810
173283275
515491731
0
324237543
135860008
32592713
0
248431281
0
646885657
692574772
0
0
925382065
0
406162270
97599760
0
115654133
0
0
0
878508254
611372833
0
516224205
611666602
745354949
0
0
38460973
697245746
908615384
618660123
999091207
667385795
929027006
985307009
588888951
507336778
0
867396954
85
753981711
0
550942658
432073031
646421262
330339865
378321578
885655129
544528903
837819461
357552312
110
592991308
425995971
845207725
0
36525351
450662055
584264236
648384858
976655936
647827607
4312340
485739743
0
582975691
28099836
888880
0
874574286
893274919
0
0
0
0
315842014
724537854
582636515
838268239
0
187673490
756944681
558110482
110162211
0
648384858
0
166721302
799653487
732819875
688302588
10220
0
0
732360
2533320
0
0
743403603
0
0
456528888
306064560
133636437
0
717891896
0
0
0
348786503
0
1225632
271162663
558643980
805379887
0
0
139915540
63934549
0
127624880
769812201
395555471
605971219
618911732
456528888
904852866
142848965
999088841
49777760
194157743
398939862
301628276
0
326873658
266327473
0
0
775366879
3884410
662650
687117665
0
297202902
490670967
652131911
524836592
0
521037814
633755777
89700
0
140192507
980401178
396264395
0
590834013
609917916
666328834
666426714
128267656
371648805
444352572
643190756
222217502
58229869
841937295
458475452
46036977
605275510
757319586
160887358
906749893
0
129203538
443930684
378498949
431441341
890720732
409504536
749483283
101455560
420619664
0
311874955
0
0
0
0
74683575
0
0
730031573
326228009
0
528191467
747247086
0
196494076
473855617
104981018
571734927
887056504
402754816
538408422
689225411
0
0
839018075
690651191
0
0
0
0
389699755
0
856910103
303695196
813436751
435883789
359433426
0
99830272
5413812
266594492
0
403219892
0
109544395
259265986
0
730126674
774856943
830148319
109728321
674073694
0
775928799
537017164
946423770
805408895
567881984
214033817
53511092
0
0
404712992
204677406
925328811
0
94045540
0
133660639
528140644
475112105
992888563
0
190683924
213354632
555369099
729212222
288489121
226641154
790016499
820609103
222221086
392141298
0
55634902
769957917
478791939
0
0
111682190
0
661821482
834983708
227759495
334948106
617873248
0
879807673
373709007
608415203
820852736
465688079
0
0
0
0
749285425
886203747
0
30544983
0
459515206
0
423835979
0
362337894
869342235
0
206323845
948147391
0
110
0
0
359258516
0
14785204
677402667
492349181
84019595
0
0
514761147
0
444424252
888490104
901880159
65079951
0
749736309
372416230
209249111
376882343
902819569
0
375097663
435086436
33711010
40640370
799654024
27328637
876169719
0
803085864
0
937476542
0
84019595
0
0
599213073
533423563
0
366082623
177420032
629893461
442755897
0
0
109850121
365546520
560313130
967452859
52454972
0
197500691
0
941713875
82881058
83272456
0
0
0
0
581374317
0
0
329308841
0
975974849
990367954
769812201
248682753
118597850
563580121
0
0
17777760
546548402
85831483
662320207
0
680599818
0
0
445573054
0
125018776
509172464
921760665
825440763
0
0
151167894
0
306055205
887307059
684440
529471122
454420201
355016729
0
0
813478888
0
310799442
279810921
0
107529028
0
902925687
925328811
532582148
594758632
0
808001862
61963698
227188017
572465679
0
215110546
0
606936403
75816217
888490104
0
818247728
0
0
0
0
669983590
0
741628804
487080918
38443413
165093948
0
0
19996542
479960708
0
806812012
989089824
959789686
996488686
393856709
189507730
532980104
38334876
510077926
134218106
92043024
888490104
766029718
698766691
855176344
648190777
907861410
217410442
772709663
68932149
797007934
0
304373031
0
635555513
591077599
506658014
0
96877957
0
0
849057582
644345335
635555513
644378108
160529185
282141894
888490104
316402349
301753869
383444280
0
647029165
439981588
381077609
129071508
0
0
25149662
0
102027441
61466604
0
145535125
0
96119330
925328811
0
147110716
886667523
652018722
742302533
0
900023955
886280195
0
0
978156264
0
0
458660374
453702201
0
0
372087690
99105322
15743696
957993455
0
217817374
0
0
374022143
923117979
444424252
396264395
186490070
0
0
915878270
0
24254170
0
15434
267560122
0
72746044
985710579
0
574435371
0
686692983
466512890
994452036
32792786
52516690
870838781
544475139
4331690
0
468058757
508066029
260351727
837639955
997775999
93617396
0
0
0
946865397
703792761
198523194
27785
0
484978804
599731654
955046870
777716107
917201589
234803579
198114025
491097845
978334148
0
887056504
561261719
466093698
977238345
0
443634725
991430241
245615789
103636205
85475055
93548492
907574903
11785
277446543
398190532
0
0
954105182
0
612943832
0
544677365
259390462
653722204
504475170
983217256
878842488
0
149804267
355555520
961332581
711110816
0
603744476
861051258
647993223
925328811
37014945
465533643
0
415086957
586230854
131842992
0
407982342
958621890
0
925328811
440970653
310635194
365365297
243917178
319894971
599000706
798307530
286909924
26999107
320000
390413161
0
107248240
0
0
989265800
218455838
0
0
765618251
432690316
168982475
464221691
0
0
317986656
769812201
218179725
607070169
510961498
641181649
0
241532397
0
462421023
544085153
261925365
0
560776219
747317674
360975987
0
968454225
171133080
743114035
431599252
0
471751722
0
821511452
0
0
0
855986721
740638208
998720331
0
264474229
760632506
0
357535262
822824402
0
101840832
823190559
0
297883863
993655466
925328811
0
289955540
0
199955803
0
0
0
0
418487543
0
958416092
38965903
578101490
947192572
163229617
129519966
0
0
0
102504409
0
0
0
0
0
207988681
0
232376602
44
686260435
566158865
607829129
14861856
259467067
260638450
949926180
451637631
454420201
188241900
0
511512305
864724684
101545966
211118737
221542941
266472292
829489577
563580224
11709781
0
0
109529944
333773164
498883214
0
0
0
155270303
0
769024106
0
833996857
62301910
834390775
224658970
964585717
0
0
609773464
805241691
0
0
769812201
700515430
757146827
0
0
132623617
0
197156390
106967439
692037392
234455195
921375348
687177284
0
528421645
820273920
562649590
454027476
444424252
529701029
417084603
423148925
396264395
0
366928483
0
0
915544799
355408336
975547341
291744025
0
769812201
614544153
629165312
373177565
0
369022432
23718774
96470419
547030109
446276051
1832427
262701620
597871726
119826433
0
636527077
507164435
748907361
806819917
63199387
581824042
0
128215119
749242441
0
64251828
660868410
0
0
31126565
474805470
779895164
0
260114430
925328811
0
622805955
0
902406367
0
211575454
884857464
0
565232798
951126310
0
109901198
547024511
309770047
329174189
444352572
961398163
195549844
90123546
126904580
608313257
121095839
745782808
179034208
506658014
104138887
150114438
0
668551919
345854217
20097560
968591017
189644362
0
0
179545213
106728514
1180
0
930658399
790794877
0
452898762
369564985
769812201
0
0
854203339
0
0
609162384
175562309
0
0
0
497413829
352207101
880388889
622498494
332927160
0
501155040
0
39174892
314804288
888490104
0
0
0
673024136
244102959
0
815872372
0
0
793637994
184766410
0
387055244
219522493
926306308
0
0
0
0
653721760
286059913
871745188
436088400
0
844433074
506658014
992440756
956117941
583079231
304489687
118911069
557140803
443635772
318361063
0
0
16715266
0
934316986
226155893
418235390
0
822494528
655564882
4312340
461595455
477443682
0
577736334
604393931
217359700
956929933
714548910
775279589
280660841
446331030
316496849
813023333
673273124
0
603123430
824337635
635555513
270753275
832544151
0
339391419
0
75745174
0
0
0
734203173
21
33828225
0
0
494190831
573765562
0
18902479
895530
275584345
0
0
925156020
0
764497281
524762921
0
0
16810020
324440303
0
920104400
907879163
0
0
962128168
969310476
575126231
456528888
925571558
0
864089987
458636449
0
0
848540453
445295750
310368318
0
663459967
700116948
201923364
0
0
507718485
495347449
667057491
394769986
0
444257853
482864900
886406771
569138477
324322574
0
0
44260166
889466063
750785621
391073491
594348928
0
129805086
537803974
911556276
371120834
924755544
285
840269286
659990037
0
882150367
769812201
393736882
887056504
454799895
504510051
747201489
516343770
17812520
606395545
0
741140201
738605458
834835155
0
63959498
111064463
0
582797601
823264392
844442850
311009370
0
367664765
0
885449842
306530221
753340003
366426588
0
17777760
0
0
858450447
996772295
716094361
489339683
796487796
17203223
0
235414449
325421711
0
551064989
0
66609740
371016024
103539859
332513965
92185642
549436540
978593598
741300072
0
66110163
535805525
0
0
555366859
241269333
743005583
0
0
143288692
0
0
591270847
0
222217502
703135327
0
0
0
330633189
0
132027166
849807885
507305340
879749200
330670843
187934294
0
495639961
594015056
0
935893040
55643050
465636299
885041014
18134660
338056030
434742384
407758975
937177959
909673951
966634288
307131869
71915808
59950405
856228746
186483486
725373953
168982475
925328811
125134734
0
444424252
741140201
22211715
215914674
888490104
29171732
0
33797936
120689140
255755679
0
803754426
327774035
0
751267950
46783171
216984587
872949952
11166301
0
657139365
491829205
0
0
0
198162649
454916471
460716801
211043503
691028013
0
834215614
683351264
350554111
94399760
639134956
442894858
0
209247798
554709963
0
76340126
548104622
5625
908824803
0
503602675
791144388
476774829
412738292
661141623
284690811
0
710933213
694597549
0
229922641
0
0
901905023
736091344
0
484442843
0
0
0
0
0
296830433
0
493420059
0
396264395
407679520
435198929
0
165576617
0
490759283
525657341
212306617
688845533
396264395
741140201
891569428
0
0
691636069
379788751
840399368
0
0
702897329
0
0
501457831
561194969
988449276
484442843
396264395
714886300
226079385
0
0
608317447
396264395
909668649
352277842
641160753
0
0
112047739
831471353
246541516
65558217
159995788
509055086
396264395
777582569
831606073
191685034
0
304366472
756859089
64146176
943081168
716726498
447172596
390445339
301672643
840399368
795431290
0
0
0
89140000
0
116985976
0
559372317
144975955
24263497
986584117
883772162
739863175
587068543
0
196797412
220579908
742803801
361268058
0
0
353952242
0
241813194
852078410
0
790972516
384659797
0
82595293
0
888633464
380203587
414529118
0
941448387
359000431
297981726
0
713612785
0
950370757
828230418
100129396
0
261639335
295453055
37237866
0
0
94666297
47065357
56094888
33326517
77349187
572638642
0
289093978
0
0
147969835
0
0
0
702445150
0
444424252
836054129
94554962
0
0
0
828669418
605976690
209506474
761992840
772728725
0
125986939
459128065
441404222
827554197
957892590
522423313
0
558256771
456528888
188593820
456528888
741140201
0
765289352
861489021
484306158
37566661
0
292740105
998270845
0
435685941
74092780
734155026
700610043
0
430279437
0
637222371
697769376
0
789428429
539465977
822824402
444134973
173776971
377152657
140234990
981228041
708425367
222442572
0
729166897
899130621
128716141
0
443676953
11774121
0
0
887056504
402315053
490923337
0
641793
396264395
0
305936850
926601586
466085
37572069
0
763433512
752924018
209229871
269265478
0
482658289
457486923
0
0
741513749
919643953
0
396264395
688419138
891352435
39526990
933926775
187495311
151572306
0
547178550
741017735
784617155
151854155
0
706392991
544491692
88770400
0
0
846462171
0
921858706
0
0
880176822
0
17783904
426536095
784729179
210515842
99197257
487997058
827588801
148914977
782820326
489843354
17327665
666790171
0
0
41169764
185683824
441001315
346048330
0
314550264
0
995047569
0
444424252
0
239778390
583805189
246504895
59669002
0
0
989628906
0
0
449642066
530897081
630078949
0
0
500470600
307769110
936707689
0
283567449
757094270
0
110564367
861625467
0
0
635221966
108356711
955168867
60259636
235551203
378114030
128912687
115895907
562134849
157659938
456528888
203531579
579576598
0
0
439734077
755165454
310098841
347993468
0
758950472
0
640951701
34030
396264395
396264395
0
0
51618498
571820689
210366632
609776570
62697627
0
0
0
157755713
0
225779894
189755050
0
136421530
0
0
189118059
413400008
0
428011418
493321929
0
876078811
557174529
256823719
19413120
0
116599635
0
503512635
11867042
396264395
499841467
172034898
722496254
793985880
868313349
702744501
534134978
0
0
175280960
656811953
577040406
0
218702623
369534238
0
236148270
0
856454251
0
0
814382104
0
983427854
711110816
347935893
0
655962281
218260063
386185448
874166430
0
581814786
836670333
407890653
101853427
38062853
261952398
0
930745556
478243527
260162482
3030
222221086
0
180698716
0
635555513
616278870
0
7403920
245135752
175111601
466465241
868435371
486183165
0
534869966
13426630
579505858
379199426
666426714
837285631
727506351
0
249538746
462472070
762533
0
1710
222217502
555183437
0
264315492
755476201
0
0
707960499
649758689
111110991
0
830839947
0
0
0
646195603
955991499
611313324
70276548
679878883
0
659835352
5684355
357745867
912830415
681330459
506658014
358575014
191284468
222221086
0
720845470
859488761
0
328014586
806947209
33148008
518972284
0
868482793
458734145
331812905
439661571
462006733
629610711
0
0
0
53918566
0
518132643
342014160
0
176797363
389333238
232968846
0
0
0
219108297
997726975
626491790
785098531
263759258
0
142294219
354739296
0
112545040
899240094
81777760
80348547
0
237702016
0
0
299388185
0
0
711110816
0
353660575
980706336
111110991
0
338763979
0
357857964
75633187
470849293
0
936089239
293161840
0
988552139
747795496
205157437
434566870
923175845
246842967
742201607
218657590
0
529846287
66299318
0
0
713088650
0
0
125958159
0
25357520
241905632
0
784038098
0
0
111110991
737927416
874353098
0
888490104
0
431941279
892164128
901569919
444424252
849342160
922520689
0
0
0
147511722
0
478756797
0
698009351
37936822
718961561
756382852
0
217361778
587361798
379421039
559675182
0
301526676
0
0
65401143
0
350616272
438276762
481649803
341278575
145728855
0
987280648
0
0
167798894
445886409
158285075
0
908765843
264224288
241633689
43814795
0
5
665289441
1
201356501
0
130317758
7943492
400576248
979040289
932348174
0
959976138
569443844
0
94129030
281932135
315002633
645779751
789813905
0
4818
288952514
648384858
822045359
954920923
324980484
203126417
795227999
390395280
68848149
0
0
207722377
648615530
0
0
198109207
139554323
0
297002071
579949316
222221086
0
36695639
17266623
1820
469949793
0
888490104
215110546
675042747
479327910
0
0
0
304331769
199331991
635555513
374168482
442934851
0
436782449
0
690244384
714123852
258714078
774414469
980226050
486055544
118784774
794040946
0
470752205
787550613
198579279
0
0
182345957
0
683751800
476972896
0
0
0
175359237
776535316
762565489
0
0
0
143743405
762121123
0
0
14928540
317841626
617698875
986547697
561850989
0
640267495
399820838
666080317
769812201
399078007
925328811
704679053
665065191
861739954
626442786
0
0
932762312
81777760
610724157
154455115
215155866
506658014
0
0
0
0
420854950
0
222221086
0
530613798
0
870315640
132646234
474132201
2220
257696774
0
456028123
508955695
317919775
95067304
0
756301627
760756622
0
580460861
38930757
721163627
774251690
617436933
515677703
266559616
0
0
493638396
883170217
190473671
0
518484355
921738251
0
822824402
652287376
188481194
0
781217678
118909446
0
769812201
264926438
234505816
444257853
776902377
594751710
222221086
0
490637354
0
59505
81934980
375132017
150052289
0
333322349
0
950049336
0
873990563
277330165
741140201
725968824
0
385776570
932132698
0
0
580001549
270445717
633241548
629274797
879167386
0
0
498868098
506658014
521770118
110340821
0
295145362
0
235891157
229485623
0
0
181659410
449762978
581776809
0
545990900
747600803
296985295
368896682
813863340
843551643
124959210
0
572437338
506658014
196216206
77544272
702807737
111110991
0
821667216
148895758
226858173
0
799346098
715332367
742221057
237736173
525927828
21045398
506658014
519755116
265806436
0
824810984
0
15148518
566453404
613348525
0
563774662
0
0
0
287437001
945305679
571900177
928085500
16456431
633337234
0
621517993
826456896
499824511
822689013
897732599
573536600
0
0
157161919
107410290
0
0
866109506
2134660
586104416
0
223511943
684440
0
262341466
582222244
743117233
571406707
294804180
506658014
115890029
833338664
0
930156073
0
0
357551325
671642350
0
0
310931802
189128458
0
221166085
0
888490104
329974818
0
279422757
706048073
528877729
0
0
219675631
95
999069751
0
0
22221443
0
888713834
0
307140513
140502132
313599760
0
157424314
741140201
0
769812201
0
557579397
24985
0
0
0
0
0
0
6025
63059113
0
0
713923870
0
0
552157171
313592331
182549240
550744459
196091693
400835224
0
0
453044061
0
0
274924538
0
462835775
0
169555406
239673947
344013889
0
340185020
0
0
162180
537832510
40601489
0
890769858
877098604
193013813
682720413
230926153
0
0
405563294
74180832
0
34247577
485674195
229988952
931627779
994783607
332488877
0
399966953
0
0
332217178
0
86907420
635221966
345202347
651200086
0
396264395
0
249772574
331774686
10926185
984549287
396264395
0
109544395
96826280
0
843020
0
725814867
655455360
96211034
952991999
948788330
748197148
735367942
165979906
0
36088685
0
107039324
427219764
0
0
0
0
934239233
71497837
87226440
711110816
0
0
0
275218512
0
447341350
577310630
435701502
26269009
0
585444760
439865913
103809433
208128864
635555513
986145479
666986467
0
938394207
51711706
0
72810400
162463954
177016392
459539824
0
224234406
849369615
280189450
953172346
276093935
0
719333183
7102417
888490104
0
0
0
628970156
0
0
40375169
0
261333623
378995415
869500373
0
774602075
0
59771160
0
859810048
0
48875248
913373551
98784805
49777760
769812201
204440
359992892
124727864
655878915
750277369
0
0
841881702
858965346
830744563
533324060
0
554198627
387408560
151807689
328859387
0
147460706
560098110
874609576
987454289
0
463166813
0
711329192
15
0
651162790
283213116
741876215
0
0
0
23084724
900868221
4139785
281824608
3703828
847993953
469372516
363989975
803459715
62122966
823235425
598956457
892427559
0
454095358
842236315
76706856
555697520
12572018
4088880
919926378
389331451
0
0
769812201
547549198
470225277
0
0
188907447
177529909
737264248
334256075
651083544
179727401
0
878492540
366089576
0
0
0
583754715
79727320
375311606
0
381980931
426428988
0
493067447
150394236
0
0
427951191
409869002
763787683
458675731
69420970
0
17777760
962338848
0
0
324334155
0
393197267
0
0
571606737
0
0
0
806351005
0
609993995
0
724400325
709857895
433750253
149969873
0
0
128939304
768110600
0
685427486
0
0
76987754
0
535718699
233848717
0
556852094
801063727
822824402
554722507
0
983917800
755527406
800484618
698604339
459853301
792352423
305493966
3669884
0
326858765
809487051
399370124
0
0
0
124873100
63929962
506658014
370238924
160016296
0
0
105319342
521859555
0
574966596
392445577
477870809
39477402
82239627
0
209752649
150120783
0
70488609
810324614
0
457979699
578201550
336342165
234149326
0
650621231
968587639
473500252
377405164
452099910
624915929
34692241
79663557
21533815
38926768
26493535
508277416
887056504
0
0
0
0
357167270
878978439
620988602
222217502
58779281
346733755
0
711213839
75641714
790159302
319868867
538487431
69164138
803433022
240001364
0
769812201
44107981
959714244
0
0
560678819
209752649
0
51711706
592398259
0
606605445
119307956
0
494413711
664864772
110974180
0
0
344482922
34581610
887056504
0
393330522
11549939
0
0
315173919
248407798
0
0
235214253
92826440
357998810
0
851948865
718990451
962911404
0
179440715
750173997
90007017
0
746740996
861338568
0
150712743
81777760
0
169555734
764727705
298906700
0
0
515585927
0
888490104
0
438325937
618488713
962595508
191070845
0
769812201
540393723
0
926210386
291938312
47437372
829331506
0
0
572488887
822824402
617182717
711110816
888880
576105955
0
0
93875320
0
781147231
253075922
0
331822079
0
0
984928118
0
11824214
88424437
0
948356279
214049032
0
110
888490104
576272020
633638429
118612732
136703948
111110991
492308477
882076358
878983803
232778605
328051293
0
813803311
0
268501250
0
0
0
932730005
380171560
954288975
555366859
7107694
740917347
222206750
262684778
144992004
0
925903199
863896034
74604139
144910050
0
22626470
903974407
453609663
222643513
0
889053300
0
574642908
206512060
0
16799800
81777760
0
707872911
420780990
109010803
534367643
822824402
250907085
272615413
479662375
279110546
440859755
134009011
786852717
0
634956953
422188343
756943350
0
292010948
736541723
449692066
269083066
651861029
348911893
926499954
261817558
869777679
185582329
0
888490104
753008836
0
707532510
980844468
220727197
355555520
79963090
0
928942466
693119628
73222297
708547519
939817509
497969169
114990900
0
300381290
266519889
6220
570422382
978897647
966275677
423483417
650227501
645931297
522031091
82110
6457506
0
629228696
875348083
931237120
703616319
705577333
192511426
709468696
784540198
982065775
176154102
0
936283211
973369921
72588634
306946496
47187804
0
801766685
291339752
612612142
977013316
0
921422694
669814520
753706464
0
444424252
0
651582361
0
60597110
667119569
809454773
749080
189994160
679993119
537716495
0
961811212
697274307
0
678797494
209906393
455660921
664439343
52454972
0
513011531
0
0
483117998
272352416
819379888
739778278
0
281242890
42086651
402954454
175207045
0
640322073
179091250
111110991
52257108
110502572
38597637
918965077
343522560
843731131
189332276
0
429780634
0
426428988
0
0
748668779
0
423973680
79287075
0
913906223
0
0
75285395
0
0
0
0
212635499
853279559
197165384
475555485
209686838
0
0
0
212071095
999336430
0
103171717
157786737
0
871742498
637871289
523089074
227340824
898178315
0
363357655
271928220
930591672
960684100
959302990
674101056
113251878
466127677
0
869880367
504768658
204498379
585589906
463652693
0
342007491
28092533
139497025
17777760
0
0
611269819
0
0
789032201
0
363295143
0
0
0
956829940
835970292
524301122
0
44263006
94356879
54257077
505023329
0
818136414
0
10220
5125680
225141867
88295314
93662571
372918296
411773984
0
0
599213073
794362974
888633464
599955089
798345491
678382729
226897394
0
682704615
355555520
524893185
642751747
632861815
999062121
0
198435879
296298121
0
906991537
561716750
222217502
456528888
250388897
919061998
0
444922410
951998817
0
0
999408437
780267109
0
177308553
859739424
21951945
925328811
118589908
0
833338664
0
671505412
0
0
0
633425243
777250939
97398379
831944797
0
0
768625718
0
483380061
422029223
394088702
816933648
0
270381987
0
0
935531546
0
333352146
216942521
811686826
0
323810804
600337093
0
321686431
888880
463198905
750010674
871068525
492678957
0
822544081
0
145270623
0
59836303
958091062
0
96160268
221
307640733
533322440
332750174
0
0
772679401
782711773
987734055
911110011
106134793
510994806
749101416
394177389
625794279
449580991
0
394200710
0
0
0
0
0
0
41239046
0
981304957
769812201
648756205
75953233
636519426
488562635
295453055
0
778898235
567617104
935060864
0
0
553078647
965761772
376503763
729106409
234387462
511014145
100741997
514059352
147411096
268312998
0
903974407
0
444257853
816106895
4860596
950306710
244484460
0
881656918
167075064
155589098
286912844
196302279
601563166
320710613
894860007
3388816
0
645539000
233557620
522958294
709857895
114326538
887056504
907631732
162785488
0
0
674216578
832433036
0
826096243
0
115379791
673636762
0
9022324
4190767
542003363
651408483
644844490
684791815
610367712
0
0
263726448
425665273
350114372
100
0
332319586
678573578
0
0
0
954922241
499114665
0
0
456323303
0
652159853
0
190470839
639786168
88424437
245338470
0
157348765
0
884054412
591365547
668387170
0
234445139
759884089
0
870879609
0
0
103746091
0
0
738239043
822559699
114067723
658527647
0
0
139863751
17777760
755383665
0
4088880
511735840
334256075
932803045
500128004
127102879
0
760468201
623941905
0
924458676
148990382
346961594
444424252
0
63199387
0
0
936301040
0
385086127
0
0
0
451647178
931903414
945196693
0
0
393974265
209850374
0
0
665709914
0
962723734
743055481
79444023
111642772
620425470
263671728
0
829465173
36481260
23702304
0
756636249
768715595
730010671
0
37995581
0
828181992
386031339
390643553
72489227
128300869
741140201
348273187
805104777
490613315
0
0
445332083
0
802975864
0
557409507
0
0
742955241
0
970212305
68498407
0
158816004
39950263
719383398
543495355
126879379
723041331
415469097
82432423
745978960
772152967
483806571
0
769812201
292284420
19523032
128860687
0
655478864
32435933
0
475160523
336908839
621333259
485625822
0
111110991
0
0
955533422
263641315
0
982470663
980873931
735143350
908832677
436467772
672225725
0
0
0
0
439865913
691343652
671496728
888880
962723734
294769459
794443892
864773432
0
0
498054163
0
169668974
83735724
372734362
686341919
0
416572070
612812192
65138774
444424252
0
673854116
0
689216392
0
269125560
326117094
778243462
144722134
127393754
468383031
0
16500769
534134978
9107697
0
291325080
774374633
280295787
644380298
0
0
222206750
0
0
0
0
979068688
54228663
0
0
0
560024468
864792116
162136520
88514361
838117887
0
0
0
0
0
0
597450796
0
0
404746515
0
748177508
0
557785465
0
457702445
662221057
0
237548663
309234701
0
782574881
0
808444550
428641289
639635554
513875723
0
566558356
657284724
888880
778508711
120646016
625352284
0
289991993
862941663
257407935
878931492
146657488
956702816
787412497
596807976
966196790
0
0
0
685469396
0
670509958
593952329
273041124
438435537
63179453
0
0
153453617
769278089
750447390
330157916
289093978
413078894
1420
0
0
0
435268426
183653040
260138439
81777760
625557013
420589522
635187140
0
0
543262312
19741771
987480678
652457430
0
214487982
580512001
635854562
777522071
0
711110816
887056504
426426
425599520
173759245
0
237254206
354051582
336541822
0
0
756748228
614544153
925328811
176130956
582355539
887056504
466292631
571853122
863775029
308722600
0
40328580
872361239
724400325
591059770
0
506621258
924007681
0
0
0
624528031
0
977294815
110323343
498665040
993402770
769812201
476436642
400294430
608275478
300741558
203254881
819000678
0
0
684504411
814454065
308387634
704046603
0
831217721
818449929
0
800046373
439521305
92155500
401008226
357361829
679220194
343890891
0
769028270
620313985
0
593218606
452886970
15332031
0
475918663
482572133
0
239425106
0
254737199
523152197
269509444
301658632
0
0
67237191
983696406
0
172778981
49948566
0
0
0
164930574
526057019
113043123
0
396264395
171405067
0
699821817
621715180
35161597
380729677
433134619
0
0
0
0
740970
888168449
435571037
584190325
159960
401536077
105688640
0
975194474
822824402
0
323718089
0
596692374
0
737683444
36660210
100871478
755476201
251605676
0
933159626
0
451604069
0
0
199376669
464346751
0
506658014
326341428
899677637
0
752466269
671533370
910631288
243320333
0
113386897
0
956301052
936227825
0
0
928861799
161830436
310794147
680162593
474969196
0
0
589075924
889116635
768348404
729562591
853268104
893902148
82210837
844748088
0
917132020
734340892
563306335
0
411333309
0
466615895
222221086
3828814
0
0
0
645024553
0
0
326159173
223503283
30985227
24756803
0
712004092
221200428
111429927
111110991
311633163
0
445532565
0
873590103
0
136708693
930283966
747039157
0
872588712
170397442
0
0
0
333555137
0
287307287
921338726
332594929
222221086
93629934
625751971
421670679
633313597
357805148
0
102934420
0
0
0
607043815
364238998
917991323
960311574
330516694
384416657
0
0
226641154
0
326690257
0
0
267507299
597147962
589445378
101496806
437657935
793095135
760647401
572608818
0
646043224
697223764
761832058
347166164
741626413
222217502
326919673
702488861
112404511
0
368887445
0
468376666
0
659608105
407829373
0
396264395
824920803
0
2424500
0
0
607070169
676187866
985288145
612780370
0
62838803
738285534
0
883924114
0
703464645
991168401
58533133
679800162
175560554
381620995
271152895
398492373
639937593
0
926047410
875001948
0
0
0
0
870642527
781401188
611921714
0
661807280
0
819684222
874154104
286495493
425979803
0
487013305
384055526
398590371
946710700
802804441
0
0
384423634
875959949
966661593
0
0
560024526
0
0
168982475
17594205
484467069
0
282509491
525612714
0
2307039
0
793274695
194855008
189424574
550059592
522387638
508244208
396264395
0
872130916
945961441
0
522902474
214893414
162804331
0
688202843
612452300
0
577934095
577031598
102291755
0
779778848
964324979
0
0
939033203
17860059
986396602
737545073
748304194
541491765
372121761
152162016
383775673
518834747
0
633637527
617581924
233001689
131955486
888490104
574879828
910778794
92666360
96077088
0
31371666
426488400
888111224
149490938
639306476
0
609248131
444352572
530623506
655296079
871515867
0
0
643099586
0
694346012
114533080
0
472323228
770983435
192693115
167109794
110790473
110318863
115912179
660714120
659995847
0
900410777
169221384
293308446
0
9467794
111320398
278961874
170771132
0
942206770
448353721
0
222221086
0
794032310
376305009
451797072
315538698
838740937
888490104
179181139
565427785
777579881
204462366
482861407
0
606194619
0
0
269260013
605685994
903988731
0
0
350767842
